/opt/homebrew/Caskroom/miniforge/base/envs/smart/lib/python3.8/site-packages/telegram/ext/conversationhandler.py:287: UserWarning: If 'per_message=False', 'CallbackQueryHandler' will not be tracked for every message.
  warnings.warn(
(0.001) SELECT "monitor_phone"."id", "monitor_phone"."phoneGroup_id", "monitor_phone"."phone_type", "monitor_phone"."phone_no", "monitor_phone"."networkId", "monitor_phone"."avg_downloadBandwidth", "monitor_phone"."avg_uploadBandwidth", "monitor_phone"."status", "monitor_phone"."total_count", "monitor_phone"."active" FROM "monitor_phone"; args=(); alias=default
DL/1044700193/20.3/0.0/1
UL/1038130001/0.0/20.3/1
/opt/homebrew/Caskroom/miniforge/base/envs/smart/lib/python3.8/site-packages/telegram/ext/conversationhandler.py:287: UserWarning: If 'per_message=False', 'CallbackQueryHandler' will not be tracked for every message.
  warnings.warn(
(0.001) SELECT "monitor_phone"."id", "monitor_phone"."phoneGroup_id", "monitor_phone"."phone_type", "monitor_phone"."phone_no", "monitor_phone"."networkId", "monitor_phone"."avg_downloadBandwidth", "monitor_phone"."avg_uploadBandwidth", "monitor_phone"."status", "monitor_phone"."total_count", "monitor_phone"."active" FROM "monitor_phone"; args=(); alias=default
DL/1044700193/20.3/0.0/1
UL/1038130001/0.0/20.3/1
/opt/homebrew/Caskroom/miniforge/base/envs/smart/lib/python3.8/site-packages/telegram/ext/conversationhandler.py:287: UserWarning: If 'per_message=False', 'CallbackQueryHandler' will not be tracked for every message.
  warnings.warn(
(0.001) SELECT "monitor_phone"."id", "monitor_phone"."phoneGroup_id", "monitor_phone"."phone_type", "monitor_phone"."phone_no", "monitor_phone"."networkId", "monitor_phone"."avg_downloadBandwidth", "monitor_phone"."avg_uploadBandwidth", "monitor_phone"."status", "monitor_phone"."total_count", "monitor_phone"."active" FROM "monitor_phone"; args=(); alias=default
DL/1044700193/20.3/0.0/1
UL/1038130001/0.0/20.3/1
/opt/homebrew/Caskroom/miniforge/base/envs/smart/lib/python3.8/site-packages/telegram/ext/conversationhandler.py:287: UserWarning: If 'per_message=False', 'CallbackQueryHandler' will not be tracked for every message.
  warnings.warn(
(0.001) SELECT "monitor_phone"."id", "monitor_phone"."phoneGroup_id", "monitor_phone"."phone_type", "monitor_phone"."phone_no", "monitor_phone"."networkId", "monitor_phone"."avg_downloadBandwidth", "monitor_phone"."avg_uploadBandwidth", "monitor_phone"."status", "monitor_phone"."total_count", "monitor_phone"."active" FROM "monitor_phone"; args=(); alias=default
DL/1044700193/20.3/0.0/1
UL/1038130001/0.0/20.3/1
/opt/homebrew/Caskroom/miniforge/base/envs/smart/lib/python3.8/site-packages/telegram/ext/conversationhandler.py:287: UserWarning: If 'per_message=False', 'CallbackQueryHandler' will not be tracked for every message.
  warnings.warn(
(0.001) SELECT "monitor_phone"."id", "monitor_phone"."phoneGroup_id", "monitor_phone"."phone_type", "monitor_phone"."phone_no", "monitor_phone"."networkId", "monitor_phone"."avg_downloadBandwidth", "monitor_phone"."avg_uploadBandwidth", "monitor_phone"."status", "monitor_phone"."total_count", "monitor_phone"."active" FROM "monitor_phone"; args=(); alias=default
DL/1044700193/20.3/0.0/1
UL/1038130001/0.0/20.3/1
/opt/homebrew/Caskroom/miniforge/base/envs/smart/lib/python3.8/site-packages/telegram/ext/conversationhandler.py:287: UserWarning: If 'per_message=False', 'CallbackQueryHandler' will not be tracked for every message.
  warnings.warn(
(0.000) SELECT "monitor_phone"."id", "monitor_phone"."phoneGroup_id", "monitor_phone"."phone_type", "monitor_phone"."phone_no", "monitor_phone"."networkId", "monitor_phone"."avg_downloadBandwidth", "monitor_phone"."avg_uploadBandwidth", "monitor_phone"."status", "monitor_phone"."total_count", "monitor_phone"."active" FROM "monitor_phone"; args=(); alias=default
DL/1044700193/20.3/0.0/1
UL/1038130001/0.0/20.3/1
/opt/homebrew/Caskroom/miniforge/base/envs/smart/lib/python3.8/site-packages/telegram/ext/conversationhandler.py:287: UserWarning: If 'per_message=False', 'CallbackQueryHandler' will not be tracked for every message.
  warnings.warn(
(0.001) SELECT "monitor_phone"."id", "monitor_phone"."phoneGroup_id", "monitor_phone"."phone_type", "monitor_phone"."phone_no", "monitor_phone"."networkId", "monitor_phone"."avg_downloadBandwidth", "monitor_phone"."avg_uploadBandwidth", "monitor_phone"."status", "monitor_phone"."total_count", "monitor_phone"."last_updated", "monitor_phone"."active" FROM "monitor_phone"; args=(); alias=default
Failed to complete cronjob at ('* * * * *', 'monitor.cron.measuring_end_check', '>>/Users/jonghyunkim/code/smartproject/monitor/cron.log')
Traceback (most recent call last):
  File "/opt/homebrew/Caskroom/miniforge/base/envs/smart/lib/python3.8/site-packages/django/db/backends/utils.py", line 85, in _execute
    return self.cursor.execute(sql, params)
  File "/opt/homebrew/Caskroom/miniforge/base/envs/smart/lib/python3.8/site-packages/django/db/backends/sqlite3/base.py", line 416, in execute
    return Database.Cursor.execute(self, query, params)
sqlite3.OperationalError: no such column: monitor_phone.last_updated

The above exception was the direct cause of the following exception:

Traceback (most recent call last):
  File "/opt/homebrew/Caskroom/miniforge/base/envs/smart/lib/python3.8/site-packages/django_crontab/crontab.py", line 145, in run_job
    func(*job_args, **job_kwargs)
  File "/Users/jonghyunkim/code/smartproject/monitor/cron.py", line 7, in measuring_end_check
    for phone in qs:
  File "/opt/homebrew/Caskroom/miniforge/base/envs/smart/lib/python3.8/site-packages/django/db/models/query.py", line 280, in __iter__
    self._fetch_all()
  File "/opt/homebrew/Caskroom/miniforge/base/envs/smart/lib/python3.8/site-packages/django/db/models/query.py", line 1354, in _fetch_all
    self._result_cache = list(self._iterable_class(self))
  File "/opt/homebrew/Caskroom/miniforge/base/envs/smart/lib/python3.8/site-packages/django/db/models/query.py", line 51, in __iter__
    results = compiler.execute_sql(chunked_fetch=self.chunked_fetch, chunk_size=self.chunk_size)
  File "/opt/homebrew/Caskroom/miniforge/base/envs/smart/lib/python3.8/site-packages/django/db/models/sql/compiler.py", line 1202, in execute_sql
    cursor.execute(sql, params)
  File "/opt/homebrew/Caskroom/miniforge/base/envs/smart/lib/python3.8/site-packages/django/db/backends/utils.py", line 99, in execute
    return super().execute(sql, params)
  File "/opt/homebrew/Caskroom/miniforge/base/envs/smart/lib/python3.8/site-packages/django/db/backends/utils.py", line 67, in execute
    return self._execute_with_wrappers(sql, params, many=False, executor=self._execute)
  File "/opt/homebrew/Caskroom/miniforge/base/envs/smart/lib/python3.8/site-packages/django/db/backends/utils.py", line 76, in _execute_with_wrappers
    return executor(sql, params, many, context)
  File "/opt/homebrew/Caskroom/miniforge/base/envs/smart/lib/python3.8/site-packages/django/db/backends/utils.py", line 85, in _execute
    return self.cursor.execute(sql, params)
  File "/opt/homebrew/Caskroom/miniforge/base/envs/smart/lib/python3.8/site-packages/django/db/utils.py", line 90, in __exit__
    raise dj_exc_value.with_traceback(traceback) from exc_value
  File "/opt/homebrew/Caskroom/miniforge/base/envs/smart/lib/python3.8/site-packages/django/db/backends/utils.py", line 85, in _execute
    return self.cursor.execute(sql, params)
  File "/opt/homebrew/Caskroom/miniforge/base/envs/smart/lib/python3.8/site-packages/django/db/backends/sqlite3/base.py", line 416, in execute
    return Database.Cursor.execute(self, query, params)
django.db.utils.OperationalError: no such column: monitor_phone.last_updated
/opt/homebrew/Caskroom/miniforge/base/envs/smart/lib/python3.8/site-packages/telegram/ext/conversationhandler.py:287: UserWarning: If 'per_message=False', 'CallbackQueryHandler' will not be tracked for every message.
  warnings.warn(
(0.001) SELECT "monitor_phone"."id", "monitor_phone"."phoneGroup_id", "monitor_phone"."phone_type", "monitor_phone"."phone_no", "monitor_phone"."networkId", "monitor_phone"."avg_downloadBandwidth", "monitor_phone"."avg_uploadBandwidth", "monitor_phone"."status", "monitor_phone"."total_count", "monitor_phone"."last_updated", "monitor_phone"."active" FROM "monitor_phone"; args=(); alias=default
Failed to complete cronjob at ('* * * * *', 'monitor.cron.measuring_end_check', '>>/Users/jonghyunkim/code/smartproject/monitor/cron.log')
Traceback (most recent call last):
  File "/opt/homebrew/Caskroom/miniforge/base/envs/smart/lib/python3.8/site-packages/django/db/backends/utils.py", line 85, in _execute
    return self.cursor.execute(sql, params)
  File "/opt/homebrew/Caskroom/miniforge/base/envs/smart/lib/python3.8/site-packages/django/db/backends/sqlite3/base.py", line 416, in execute
    return Database.Cursor.execute(self, query, params)
sqlite3.OperationalError: no such column: monitor_phone.last_updated

The above exception was the direct cause of the following exception:

Traceback (most recent call last):
  File "/opt/homebrew/Caskroom/miniforge/base/envs/smart/lib/python3.8/site-packages/django_crontab/crontab.py", line 145, in run_job
    func(*job_args, **job_kwargs)
  File "/Users/jonghyunkim/code/smartproject/monitor/cron.py", line 7, in measuring_end_check
    for phone in qs:
  File "/opt/homebrew/Caskroom/miniforge/base/envs/smart/lib/python3.8/site-packages/django/db/models/query.py", line 280, in __iter__
    self._fetch_all()
  File "/opt/homebrew/Caskroom/miniforge/base/envs/smart/lib/python3.8/site-packages/django/db/models/query.py", line 1354, in _fetch_all
    self._result_cache = list(self._iterable_class(self))
  File "/opt/homebrew/Caskroom/miniforge/base/envs/smart/lib/python3.8/site-packages/django/db/models/query.py", line 51, in __iter__
    results = compiler.execute_sql(chunked_fetch=self.chunked_fetch, chunk_size=self.chunk_size)
  File "/opt/homebrew/Caskroom/miniforge/base/envs/smart/lib/python3.8/site-packages/django/db/models/sql/compiler.py", line 1202, in execute_sql
    cursor.execute(sql, params)
  File "/opt/homebrew/Caskroom/miniforge/base/envs/smart/lib/python3.8/site-packages/django/db/backends/utils.py", line 99, in execute
    return super().execute(sql, params)
  File "/opt/homebrew/Caskroom/miniforge/base/envs/smart/lib/python3.8/site-packages/django/db/backends/utils.py", line 67, in execute
    return self._execute_with_wrappers(sql, params, many=False, executor=self._execute)
  File "/opt/homebrew/Caskroom/miniforge/base/envs/smart/lib/python3.8/site-packages/django/db/backends/utils.py", line 76, in _execute_with_wrappers
    return executor(sql, params, many, context)
  File "/opt/homebrew/Caskroom/miniforge/base/envs/smart/lib/python3.8/site-packages/django/db/backends/utils.py", line 85, in _execute
    return self.cursor.execute(sql, params)
  File "/opt/homebrew/Caskroom/miniforge/base/envs/smart/lib/python3.8/site-packages/django/db/utils.py", line 90, in __exit__
    raise dj_exc_value.with_traceback(traceback) from exc_value
  File "/opt/homebrew/Caskroom/miniforge/base/envs/smart/lib/python3.8/site-packages/django/db/backends/utils.py", line 85, in _execute
    return self.cursor.execute(sql, params)
  File "/opt/homebrew/Caskroom/miniforge/base/envs/smart/lib/python3.8/site-packages/django/db/backends/sqlite3/base.py", line 416, in execute
    return Database.Cursor.execute(self, query, params)
django.db.utils.OperationalError: no such column: monitor_phone.last_updated
/opt/homebrew/Caskroom/miniforge/base/envs/smart/lib/python3.8/site-packages/telegram/ext/conversationhandler.py:287: UserWarning: If 'per_message=False', 'CallbackQueryHandler' will not be tracked for every message.
  warnings.warn(
(0.001) SELECT "monitor_phone"."id", "monitor_phone"."phoneGroup_id", "monitor_phone"."phone_type", "monitor_phone"."phone_no", "monitor_phone"."networkId", "monitor_phone"."avg_downloadBandwidth", "monitor_phone"."avg_uploadBandwidth", "monitor_phone"."status", "monitor_phone"."total_count", "monitor_phone"."last_updated", "monitor_phone"."active" FROM "monitor_phone"; args=(); alias=default
Failed to complete cronjob at ('* * * * *', 'monitor.cron.measuring_end_check', '>>/Users/jonghyunkim/code/smartproject/monitor/cron.log')
Traceback (most recent call last):
  File "/opt/homebrew/Caskroom/miniforge/base/envs/smart/lib/python3.8/site-packages/django/db/backends/utils.py", line 85, in _execute
    return self.cursor.execute(sql, params)
  File "/opt/homebrew/Caskroom/miniforge/base/envs/smart/lib/python3.8/site-packages/django/db/backends/sqlite3/base.py", line 416, in execute
    return Database.Cursor.execute(self, query, params)
sqlite3.OperationalError: no such column: monitor_phone.last_updated

The above exception was the direct cause of the following exception:

Traceback (most recent call last):
  File "/opt/homebrew/Caskroom/miniforge/base/envs/smart/lib/python3.8/site-packages/django_crontab/crontab.py", line 145, in run_job
    func(*job_args, **job_kwargs)
  File "/Users/jonghyunkim/code/smartproject/monitor/cron.py", line 7, in measuring_end_check
    for phone in qs:
  File "/opt/homebrew/Caskroom/miniforge/base/envs/smart/lib/python3.8/site-packages/django/db/models/query.py", line 280, in __iter__
    self._fetch_all()
  File "/opt/homebrew/Caskroom/miniforge/base/envs/smart/lib/python3.8/site-packages/django/db/models/query.py", line 1354, in _fetch_all
    self._result_cache = list(self._iterable_class(self))
  File "/opt/homebrew/Caskroom/miniforge/base/envs/smart/lib/python3.8/site-packages/django/db/models/query.py", line 51, in __iter__
    results = compiler.execute_sql(chunked_fetch=self.chunked_fetch, chunk_size=self.chunk_size)
  File "/opt/homebrew/Caskroom/miniforge/base/envs/smart/lib/python3.8/site-packages/django/db/models/sql/compiler.py", line 1202, in execute_sql
    cursor.execute(sql, params)
  File "/opt/homebrew/Caskroom/miniforge/base/envs/smart/lib/python3.8/site-packages/django/db/backends/utils.py", line 99, in execute
    return super().execute(sql, params)
  File "/opt/homebrew/Caskroom/miniforge/base/envs/smart/lib/python3.8/site-packages/django/db/backends/utils.py", line 67, in execute
    return self._execute_with_wrappers(sql, params, many=False, executor=self._execute)
  File "/opt/homebrew/Caskroom/miniforge/base/envs/smart/lib/python3.8/site-packages/django/db/backends/utils.py", line 76, in _execute_with_wrappers
    return executor(sql, params, many, context)
  File "/opt/homebrew/Caskroom/miniforge/base/envs/smart/lib/python3.8/site-packages/django/db/backends/utils.py", line 85, in _execute
    return self.cursor.execute(sql, params)
  File "/opt/homebrew/Caskroom/miniforge/base/envs/smart/lib/python3.8/site-packages/django/db/utils.py", line 90, in __exit__
    raise dj_exc_value.with_traceback(traceback) from exc_value
  File "/opt/homebrew/Caskroom/miniforge/base/envs/smart/lib/python3.8/site-packages/django/db/backends/utils.py", line 85, in _execute
    return self.cursor.execute(sql, params)
  File "/opt/homebrew/Caskroom/miniforge/base/envs/smart/lib/python3.8/site-packages/django/db/backends/sqlite3/base.py", line 416, in execute
    return Database.Cursor.execute(self, query, params)
django.db.utils.OperationalError: no such column: monitor_phone.last_updated
/opt/homebrew/Caskroom/miniforge/base/envs/smart/lib/python3.8/site-packages/telegram/ext/conversationhandler.py:287: UserWarning: If 'per_message=False', 'CallbackQueryHandler' will not be tracked for every message.
  warnings.warn(
(0.001) SELECT "monitor_phone"."id", "monitor_phone"."phoneGroup_id", "monitor_phone"."phone_type", "monitor_phone"."phone_no", "monitor_phone"."networkId", "monitor_phone"."avg_downloadBandwidth", "monitor_phone"."avg_uploadBandwidth", "monitor_phone"."status", "monitor_phone"."total_count", "monitor_phone"."last_updated", "monitor_phone"."active" FROM "monitor_phone"; args=(); alias=default
Failed to complete cronjob at ('* * * * *', 'monitor.cron.measuring_end_check', '>>/Users/jonghyunkim/code/smartproject/monitor/cron.log')
Traceback (most recent call last):
  File "/opt/homebrew/Caskroom/miniforge/base/envs/smart/lib/python3.8/site-packages/django/db/backends/utils.py", line 85, in _execute
    return self.cursor.execute(sql, params)
  File "/opt/homebrew/Caskroom/miniforge/base/envs/smart/lib/python3.8/site-packages/django/db/backends/sqlite3/base.py", line 416, in execute
    return Database.Cursor.execute(self, query, params)
sqlite3.OperationalError: no such column: monitor_phone.last_updated

The above exception was the direct cause of the following exception:

Traceback (most recent call last):
  File "/opt/homebrew/Caskroom/miniforge/base/envs/smart/lib/python3.8/site-packages/django_crontab/crontab.py", line 145, in run_job
    func(*job_args, **job_kwargs)
  File "/Users/jonghyunkim/code/smartproject/monitor/cron.py", line 7, in measuring_end_check
    for phone in qs:
  File "/opt/homebrew/Caskroom/miniforge/base/envs/smart/lib/python3.8/site-packages/django/db/models/query.py", line 280, in __iter__
    self._fetch_all()
  File "/opt/homebrew/Caskroom/miniforge/base/envs/smart/lib/python3.8/site-packages/django/db/models/query.py", line 1354, in _fetch_all
    self._result_cache = list(self._iterable_class(self))
  File "/opt/homebrew/Caskroom/miniforge/base/envs/smart/lib/python3.8/site-packages/django/db/models/query.py", line 51, in __iter__
    results = compiler.execute_sql(chunked_fetch=self.chunked_fetch, chunk_size=self.chunk_size)
  File "/opt/homebrew/Caskroom/miniforge/base/envs/smart/lib/python3.8/site-packages/django/db/models/sql/compiler.py", line 1202, in execute_sql
    cursor.execute(sql, params)
  File "/opt/homebrew/Caskroom/miniforge/base/envs/smart/lib/python3.8/site-packages/django/db/backends/utils.py", line 99, in execute
    return super().execute(sql, params)
  File "/opt/homebrew/Caskroom/miniforge/base/envs/smart/lib/python3.8/site-packages/django/db/backends/utils.py", line 67, in execute
    return self._execute_with_wrappers(sql, params, many=False, executor=self._execute)
  File "/opt/homebrew/Caskroom/miniforge/base/envs/smart/lib/python3.8/site-packages/django/db/backends/utils.py", line 76, in _execute_with_wrappers
    return executor(sql, params, many, context)
  File "/opt/homebrew/Caskroom/miniforge/base/envs/smart/lib/python3.8/site-packages/django/db/backends/utils.py", line 85, in _execute
    return self.cursor.execute(sql, params)
  File "/opt/homebrew/Caskroom/miniforge/base/envs/smart/lib/python3.8/site-packages/django/db/utils.py", line 90, in __exit__
    raise dj_exc_value.with_traceback(traceback) from exc_value
  File "/opt/homebrew/Caskroom/miniforge/base/envs/smart/lib/python3.8/site-packages/django/db/backends/utils.py", line 85, in _execute
    return self.cursor.execute(sql, params)
  File "/opt/homebrew/Caskroom/miniforge/base/envs/smart/lib/python3.8/site-packages/django/db/backends/sqlite3/base.py", line 416, in execute
    return Database.Cursor.execute(self, query, params)
django.db.utils.OperationalError: no such column: monitor_phone.last_updated
/opt/homebrew/Caskroom/miniforge/base/envs/smart/lib/python3.8/site-packages/telegram/ext/conversationhandler.py:287: UserWarning: If 'per_message=False', 'CallbackQueryHandler' will not be tracked for every message.
  warnings.warn(
(0.001) SELECT "monitor_phone"."id", "monitor_phone"."phoneGroup_id", "monitor_phone"."phone_type", "monitor_phone"."phone_no", "monitor_phone"."networkId", "monitor_phone"."avg_downloadBandwidth", "monitor_phone"."avg_uploadBandwidth", "monitor_phone"."status", "monitor_phone"."total_count", "monitor_phone"."last_updated", "monitor_phone"."active" FROM "monitor_phone"; args=(); alias=default
Failed to complete cronjob at ('* * * * *', 'monitor.cron.measuring_end_check', '>>/Users/jonghyunkim/code/smartproject/monitor/cron.log')
Traceback (most recent call last):
  File "/opt/homebrew/Caskroom/miniforge/base/envs/smart/lib/python3.8/site-packages/django/db/backends/utils.py", line 85, in _execute
    return self.cursor.execute(sql, params)
  File "/opt/homebrew/Caskroom/miniforge/base/envs/smart/lib/python3.8/site-packages/django/db/backends/sqlite3/base.py", line 416, in execute
    return Database.Cursor.execute(self, query, params)
sqlite3.OperationalError: no such column: monitor_phone.last_updated

The above exception was the direct cause of the following exception:

Traceback (most recent call last):
  File "/opt/homebrew/Caskroom/miniforge/base/envs/smart/lib/python3.8/site-packages/django_crontab/crontab.py", line 145, in run_job
    func(*job_args, **job_kwargs)
  File "/Users/jonghyunkim/code/smartproject/monitor/cron.py", line 7, in measuring_end_check
    for phone in qs:
  File "/opt/homebrew/Caskroom/miniforge/base/envs/smart/lib/python3.8/site-packages/django/db/models/query.py", line 280, in __iter__
    self._fetch_all()
  File "/opt/homebrew/Caskroom/miniforge/base/envs/smart/lib/python3.8/site-packages/django/db/models/query.py", line 1354, in _fetch_all
    self._result_cache = list(self._iterable_class(self))
  File "/opt/homebrew/Caskroom/miniforge/base/envs/smart/lib/python3.8/site-packages/django/db/models/query.py", line 51, in __iter__
    results = compiler.execute_sql(chunked_fetch=self.chunked_fetch, chunk_size=self.chunk_size)
  File "/opt/homebrew/Caskroom/miniforge/base/envs/smart/lib/python3.8/site-packages/django/db/models/sql/compiler.py", line 1202, in execute_sql
    cursor.execute(sql, params)
  File "/opt/homebrew/Caskroom/miniforge/base/envs/smart/lib/python3.8/site-packages/django/db/backends/utils.py", line 99, in execute
    return super().execute(sql, params)
  File "/opt/homebrew/Caskroom/miniforge/base/envs/smart/lib/python3.8/site-packages/django/db/backends/utils.py", line 67, in execute
    return self._execute_with_wrappers(sql, params, many=False, executor=self._execute)
  File "/opt/homebrew/Caskroom/miniforge/base/envs/smart/lib/python3.8/site-packages/django/db/backends/utils.py", line 76, in _execute_with_wrappers
    return executor(sql, params, many, context)
  File "/opt/homebrew/Caskroom/miniforge/base/envs/smart/lib/python3.8/site-packages/django/db/backends/utils.py", line 85, in _execute
    return self.cursor.execute(sql, params)
  File "/opt/homebrew/Caskroom/miniforge/base/envs/smart/lib/python3.8/site-packages/django/db/utils.py", line 90, in __exit__
    raise dj_exc_value.with_traceback(traceback) from exc_value
  File "/opt/homebrew/Caskroom/miniforge/base/envs/smart/lib/python3.8/site-packages/django/db/backends/utils.py", line 85, in _execute
    return self.cursor.execute(sql, params)
  File "/opt/homebrew/Caskroom/miniforge/base/envs/smart/lib/python3.8/site-packages/django/db/backends/sqlite3/base.py", line 416, in execute
    return Database.Cursor.execute(self, query, params)
django.db.utils.OperationalError: no such column: monitor_phone.last_updated
/opt/homebrew/Caskroom/miniforge/base/envs/smart/lib/python3.8/site-packages/telegram/ext/conversationhandler.py:287: UserWarning: If 'per_message=False', 'CallbackQueryHandler' will not be tracked for every message.
  warnings.warn(
(0.001) SELECT "monitor_phone"."id", "monitor_phone"."phoneGroup_id", "monitor_phone"."phone_type", "monitor_phone"."phone_no", "monitor_phone"."networkId", "monitor_phone"."avg_downloadBandwidth", "monitor_phone"."avg_uploadBandwidth", "monitor_phone"."status", "monitor_phone"."total_count", "monitor_phone"."last_updated", "monitor_phone"."active" FROM "monitor_phone"; args=(); alias=default
Failed to complete cronjob at ('* * * * *', 'monitor.cron.measuring_end_check', '>>/Users/jonghyunkim/code/smartproject/monitor/cron.log')
Traceback (most recent call last):
  File "/opt/homebrew/Caskroom/miniforge/base/envs/smart/lib/python3.8/site-packages/django/db/backends/utils.py", line 85, in _execute
    return self.cursor.execute(sql, params)
  File "/opt/homebrew/Caskroom/miniforge/base/envs/smart/lib/python3.8/site-packages/django/db/backends/sqlite3/base.py", line 416, in execute
    return Database.Cursor.execute(self, query, params)
sqlite3.OperationalError: no such column: monitor_phone.last_updated

The above exception was the direct cause of the following exception:

Traceback (most recent call last):
  File "/opt/homebrew/Caskroom/miniforge/base/envs/smart/lib/python3.8/site-packages/django_crontab/crontab.py", line 145, in run_job
    func(*job_args, **job_kwargs)
  File "/Users/jonghyunkim/code/smartproject/monitor/cron.py", line 7, in measuring_end_check
    for phone in qs:
  File "/opt/homebrew/Caskroom/miniforge/base/envs/smart/lib/python3.8/site-packages/django/db/models/query.py", line 280, in __iter__
    self._fetch_all()
  File "/opt/homebrew/Caskroom/miniforge/base/envs/smart/lib/python3.8/site-packages/django/db/models/query.py", line 1354, in _fetch_all
    self._result_cache = list(self._iterable_class(self))
  File "/opt/homebrew/Caskroom/miniforge/base/envs/smart/lib/python3.8/site-packages/django/db/models/query.py", line 51, in __iter__
    results = compiler.execute_sql(chunked_fetch=self.chunked_fetch, chunk_size=self.chunk_size)
  File "/opt/homebrew/Caskroom/miniforge/base/envs/smart/lib/python3.8/site-packages/django/db/models/sql/compiler.py", line 1202, in execute_sql
    cursor.execute(sql, params)
  File "/opt/homebrew/Caskroom/miniforge/base/envs/smart/lib/python3.8/site-packages/django/db/backends/utils.py", line 99, in execute
    return super().execute(sql, params)
  File "/opt/homebrew/Caskroom/miniforge/base/envs/smart/lib/python3.8/site-packages/django/db/backends/utils.py", line 67, in execute
    return self._execute_with_wrappers(sql, params, many=False, executor=self._execute)
  File "/opt/homebrew/Caskroom/miniforge/base/envs/smart/lib/python3.8/site-packages/django/db/backends/utils.py", line 76, in _execute_with_wrappers
    return executor(sql, params, many, context)
  File "/opt/homebrew/Caskroom/miniforge/base/envs/smart/lib/python3.8/site-packages/django/db/backends/utils.py", line 85, in _execute
    return self.cursor.execute(sql, params)
  File "/opt/homebrew/Caskroom/miniforge/base/envs/smart/lib/python3.8/site-packages/django/db/utils.py", line 90, in __exit__
    raise dj_exc_value.with_traceback(traceback) from exc_value
  File "/opt/homebrew/Caskroom/miniforge/base/envs/smart/lib/python3.8/site-packages/django/db/backends/utils.py", line 85, in _execute
    return self.cursor.execute(sql, params)
  File "/opt/homebrew/Caskroom/miniforge/base/envs/smart/lib/python3.8/site-packages/django/db/backends/sqlite3/base.py", line 416, in execute
    return Database.Cursor.execute(self, query, params)
django.db.utils.OperationalError: no such column: monitor_phone.last_updated
/opt/homebrew/Caskroom/miniforge/base/envs/smart/lib/python3.8/site-packages/telegram/ext/conversationhandler.py:287: UserWarning: If 'per_message=False', 'CallbackQueryHandler' will not be tracked for every message.
  warnings.warn(
(0.001) SELECT "monitor_phone"."id", "monitor_phone"."phoneGroup_id", "monitor_phone"."phone_type", "monitor_phone"."phone_no", "monitor_phone"."networkId", "monitor_phone"."avg_downloadBandwidth", "monitor_phone"."avg_uploadBandwidth", "monitor_phone"."status", "monitor_phone"."total_count", "monitor_phone"."last_updated", "monitor_phone"."active" FROM "monitor_phone"; args=(); alias=default
Failed to complete cronjob at ('* * * * *', 'monitor.cron.measuring_end_check', '>>/Users/jonghyunkim/code/smartproject/monitor/cron.log')
Traceback (most recent call last):
  File "/opt/homebrew/Caskroom/miniforge/base/envs/smart/lib/python3.8/site-packages/django/db/backends/utils.py", line 85, in _execute
    return self.cursor.execute(sql, params)
  File "/opt/homebrew/Caskroom/miniforge/base/envs/smart/lib/python3.8/site-packages/django/db/backends/sqlite3/base.py", line 416, in execute
    return Database.Cursor.execute(self, query, params)
sqlite3.OperationalError: no such column: monitor_phone.last_updated

The above exception was the direct cause of the following exception:

Traceback (most recent call last):
  File "/opt/homebrew/Caskroom/miniforge/base/envs/smart/lib/python3.8/site-packages/django_crontab/crontab.py", line 145, in run_job
    func(*job_args, **job_kwargs)
  File "/Users/jonghyunkim/code/smartproject/monitor/cron.py", line 7, in measuring_end_check
    for phone in qs:
  File "/opt/homebrew/Caskroom/miniforge/base/envs/smart/lib/python3.8/site-packages/django/db/models/query.py", line 280, in __iter__
    self._fetch_all()
  File "/opt/homebrew/Caskroom/miniforge/base/envs/smart/lib/python3.8/site-packages/django/db/models/query.py", line 1354, in _fetch_all
    self._result_cache = list(self._iterable_class(self))
  File "/opt/homebrew/Caskroom/miniforge/base/envs/smart/lib/python3.8/site-packages/django/db/models/query.py", line 51, in __iter__
    results = compiler.execute_sql(chunked_fetch=self.chunked_fetch, chunk_size=self.chunk_size)
  File "/opt/homebrew/Caskroom/miniforge/base/envs/smart/lib/python3.8/site-packages/django/db/models/sql/compiler.py", line 1202, in execute_sql
    cursor.execute(sql, params)
  File "/opt/homebrew/Caskroom/miniforge/base/envs/smart/lib/python3.8/site-packages/django/db/backends/utils.py", line 99, in execute
    return super().execute(sql, params)
  File "/opt/homebrew/Caskroom/miniforge/base/envs/smart/lib/python3.8/site-packages/django/db/backends/utils.py", line 67, in execute
    return self._execute_with_wrappers(sql, params, many=False, executor=self._execute)
  File "/opt/homebrew/Caskroom/miniforge/base/envs/smart/lib/python3.8/site-packages/django/db/backends/utils.py", line 76, in _execute_with_wrappers
    return executor(sql, params, many, context)
  File "/opt/homebrew/Caskroom/miniforge/base/envs/smart/lib/python3.8/site-packages/django/db/backends/utils.py", line 85, in _execute
    return self.cursor.execute(sql, params)
  File "/opt/homebrew/Caskroom/miniforge/base/envs/smart/lib/python3.8/site-packages/django/db/utils.py", line 90, in __exit__
    raise dj_exc_value.with_traceback(traceback) from exc_value
  File "/opt/homebrew/Caskroom/miniforge/base/envs/smart/lib/python3.8/site-packages/django/db/backends/utils.py", line 85, in _execute
    return self.cursor.execute(sql, params)
  File "/opt/homebrew/Caskroom/miniforge/base/envs/smart/lib/python3.8/site-packages/django/db/backends/sqlite3/base.py", line 416, in execute
    return Database.Cursor.execute(self, query, params)
django.db.utils.OperationalError: no such column: monitor_phone.last_updated
/opt/homebrew/Caskroom/miniforge/base/envs/smart/lib/python3.8/site-packages/telegram/ext/conversationhandler.py:287: UserWarning: If 'per_message=False', 'CallbackQueryHandler' will not be tracked for every message.
  warnings.warn(
(0.001) SELECT "monitor_phone"."id", "monitor_phone"."phoneGroup_id", "monitor_phone"."phone_type", "monitor_phone"."phone_no", "monitor_phone"."networkId", "monitor_phone"."avg_downloadBandwidth", "monitor_phone"."avg_uploadBandwidth", "monitor_phone"."status", "monitor_phone"."total_count", "monitor_phone"."last_updated", "monitor_phone"."active" FROM "monitor_phone"; args=(); alias=default
Failed to complete cronjob at ('* * * * *', 'monitor.cron.measuring_end_check', '>>/Users/jonghyunkim/code/smartproject/monitor/cron.log')
Traceback (most recent call last):
  File "/opt/homebrew/Caskroom/miniforge/base/envs/smart/lib/python3.8/site-packages/django/db/backends/utils.py", line 85, in _execute
    return self.cursor.execute(sql, params)
  File "/opt/homebrew/Caskroom/miniforge/base/envs/smart/lib/python3.8/site-packages/django/db/backends/sqlite3/base.py", line 416, in execute
    return Database.Cursor.execute(self, query, params)
sqlite3.OperationalError: no such column: monitor_phone.last_updated

The above exception was the direct cause of the following exception:

Traceback (most recent call last):
  File "/opt/homebrew/Caskroom/miniforge/base/envs/smart/lib/python3.8/site-packages/django_crontab/crontab.py", line 145, in run_job
    func(*job_args, **job_kwargs)
  File "/Users/jonghyunkim/code/smartproject/monitor/cron.py", line 7, in measuring_end_check
    for phone in qs:
  File "/opt/homebrew/Caskroom/miniforge/base/envs/smart/lib/python3.8/site-packages/django/db/models/query.py", line 280, in __iter__
    self._fetch_all()
  File "/opt/homebrew/Caskroom/miniforge/base/envs/smart/lib/python3.8/site-packages/django/db/models/query.py", line 1354, in _fetch_all
    self._result_cache = list(self._iterable_class(self))
  File "/opt/homebrew/Caskroom/miniforge/base/envs/smart/lib/python3.8/site-packages/django/db/models/query.py", line 51, in __iter__
    results = compiler.execute_sql(chunked_fetch=self.chunked_fetch, chunk_size=self.chunk_size)
  File "/opt/homebrew/Caskroom/miniforge/base/envs/smart/lib/python3.8/site-packages/django/db/models/sql/compiler.py", line 1202, in execute_sql
    cursor.execute(sql, params)
  File "/opt/homebrew/Caskroom/miniforge/base/envs/smart/lib/python3.8/site-packages/django/db/backends/utils.py", line 99, in execute
    return super().execute(sql, params)
  File "/opt/homebrew/Caskroom/miniforge/base/envs/smart/lib/python3.8/site-packages/django/db/backends/utils.py", line 67, in execute
    return self._execute_with_wrappers(sql, params, many=False, executor=self._execute)
  File "/opt/homebrew/Caskroom/miniforge/base/envs/smart/lib/python3.8/site-packages/django/db/backends/utils.py", line 76, in _execute_with_wrappers
    return executor(sql, params, many, context)
  File "/opt/homebrew/Caskroom/miniforge/base/envs/smart/lib/python3.8/site-packages/django/db/backends/utils.py", line 85, in _execute
    return self.cursor.execute(sql, params)
  File "/opt/homebrew/Caskroom/miniforge/base/envs/smart/lib/python3.8/site-packages/django/db/utils.py", line 90, in __exit__
    raise dj_exc_value.with_traceback(traceback) from exc_value
  File "/opt/homebrew/Caskroom/miniforge/base/envs/smart/lib/python3.8/site-packages/django/db/backends/utils.py", line 85, in _execute
    return self.cursor.execute(sql, params)
  File "/opt/homebrew/Caskroom/miniforge/base/envs/smart/lib/python3.8/site-packages/django/db/backends/sqlite3/base.py", line 416, in execute
    return Database.Cursor.execute(self, query, params)
django.db.utils.OperationalError: no such column: monitor_phone.last_updated
/opt/homebrew/Caskroom/miniforge/base/envs/smart/lib/python3.8/site-packages/telegram/ext/conversationhandler.py:287: UserWarning: If 'per_message=False', 'CallbackQueryHandler' will not be tracked for every message.
  warnings.warn(
(0.001) SELECT "monitor_phone"."id", "monitor_phone"."phoneGroup_id", "monitor_phone"."phone_type", "monitor_phone"."phone_no", "monitor_phone"."networkId", "monitor_phone"."avg_downloadBandwidth", "monitor_phone"."avg_uploadBandwidth", "monitor_phone"."status", "monitor_phone"."total_count", "monitor_phone"."last_updated", "monitor_phone"."active" FROM "monitor_phone"; args=(); alias=default
Failed to complete cronjob at ('* * * * *', 'monitor.cron.measuring_end_check', '>>/Users/jonghyunkim/code/smartproject/monitor/cron.log')
Traceback (most recent call last):
  File "/opt/homebrew/Caskroom/miniforge/base/envs/smart/lib/python3.8/site-packages/django/db/backends/utils.py", line 85, in _execute
    return self.cursor.execute(sql, params)
  File "/opt/homebrew/Caskroom/miniforge/base/envs/smart/lib/python3.8/site-packages/django/db/backends/sqlite3/base.py", line 416, in execute
    return Database.Cursor.execute(self, query, params)
sqlite3.OperationalError: no such column: monitor_phone.last_updated

The above exception was the direct cause of the following exception:

Traceback (most recent call last):
  File "/opt/homebrew/Caskroom/miniforge/base/envs/smart/lib/python3.8/site-packages/django_crontab/crontab.py", line 145, in run_job
    func(*job_args, **job_kwargs)
  File "/Users/jonghyunkim/code/smartproject/monitor/cron.py", line 7, in measuring_end_check
    for phone in qs:
  File "/opt/homebrew/Caskroom/miniforge/base/envs/smart/lib/python3.8/site-packages/django/db/models/query.py", line 280, in __iter__
    self._fetch_all()
  File "/opt/homebrew/Caskroom/miniforge/base/envs/smart/lib/python3.8/site-packages/django/db/models/query.py", line 1354, in _fetch_all
    self._result_cache = list(self._iterable_class(self))
  File "/opt/homebrew/Caskroom/miniforge/base/envs/smart/lib/python3.8/site-packages/django/db/models/query.py", line 51, in __iter__
    results = compiler.execute_sql(chunked_fetch=self.chunked_fetch, chunk_size=self.chunk_size)
  File "/opt/homebrew/Caskroom/miniforge/base/envs/smart/lib/python3.8/site-packages/django/db/models/sql/compiler.py", line 1202, in execute_sql
    cursor.execute(sql, params)
  File "/opt/homebrew/Caskroom/miniforge/base/envs/smart/lib/python3.8/site-packages/django/db/backends/utils.py", line 99, in execute
    return super().execute(sql, params)
  File "/opt/homebrew/Caskroom/miniforge/base/envs/smart/lib/python3.8/site-packages/django/db/backends/utils.py", line 67, in execute
    return self._execute_with_wrappers(sql, params, many=False, executor=self._execute)
  File "/opt/homebrew/Caskroom/miniforge/base/envs/smart/lib/python3.8/site-packages/django/db/backends/utils.py", line 76, in _execute_with_wrappers
    return executor(sql, params, many, context)
  File "/opt/homebrew/Caskroom/miniforge/base/envs/smart/lib/python3.8/site-packages/django/db/backends/utils.py", line 85, in _execute
    return self.cursor.execute(sql, params)
  File "/opt/homebrew/Caskroom/miniforge/base/envs/smart/lib/python3.8/site-packages/django/db/utils.py", line 90, in __exit__
    raise dj_exc_value.with_traceback(traceback) from exc_value
  File "/opt/homebrew/Caskroom/miniforge/base/envs/smart/lib/python3.8/site-packages/django/db/backends/utils.py", line 85, in _execute
    return self.cursor.execute(sql, params)
  File "/opt/homebrew/Caskroom/miniforge/base/envs/smart/lib/python3.8/site-packages/django/db/backends/sqlite3/base.py", line 416, in execute
    return Database.Cursor.execute(self, query, params)
django.db.utils.OperationalError: no such column: monitor_phone.last_updated
/opt/homebrew/Caskroom/miniforge/base/envs/smart/lib/python3.8/site-packages/telegram/ext/conversationhandler.py:287: UserWarning: If 'per_message=False', 'CallbackQueryHandler' will not be tracked for every message.
  warnings.warn(
(0.001) SELECT "monitor_phone"."id", "monitor_phone"."phoneGroup_id", "monitor_phone"."phone_type", "monitor_phone"."phone_no", "monitor_phone"."networkId", "monitor_phone"."avg_downloadBandwidth", "monitor_phone"."avg_uploadBandwidth", "monitor_phone"."status", "monitor_phone"."total_count", "monitor_phone"."last_updated", "monitor_phone"."active" FROM "monitor_phone"; args=(); alias=default
Failed to complete cronjob at ('* * * * *', 'monitor.cron.measuring_end_check', '>>/Users/jonghyunkim/code/smartproject/monitor/cron.log')
Traceback (most recent call last):
  File "/opt/homebrew/Caskroom/miniforge/base/envs/smart/lib/python3.8/site-packages/django/db/backends/utils.py", line 85, in _execute
    return self.cursor.execute(sql, params)
  File "/opt/homebrew/Caskroom/miniforge/base/envs/smart/lib/python3.8/site-packages/django/db/backends/sqlite3/base.py", line 416, in execute
    return Database.Cursor.execute(self, query, params)
sqlite3.OperationalError: no such column: monitor_phone.last_updated

The above exception was the direct cause of the following exception:

Traceback (most recent call last):
  File "/opt/homebrew/Caskroom/miniforge/base/envs/smart/lib/python3.8/site-packages/django_crontab/crontab.py", line 145, in run_job
    func(*job_args, **job_kwargs)
  File "/Users/jonghyunkim/code/smartproject/monitor/cron.py", line 7, in measuring_end_check
    for phone in qs:
  File "/opt/homebrew/Caskroom/miniforge/base/envs/smart/lib/python3.8/site-packages/django/db/models/query.py", line 280, in __iter__
    self._fetch_all()
  File "/opt/homebrew/Caskroom/miniforge/base/envs/smart/lib/python3.8/site-packages/django/db/models/query.py", line 1354, in _fetch_all
    self._result_cache = list(self._iterable_class(self))
  File "/opt/homebrew/Caskroom/miniforge/base/envs/smart/lib/python3.8/site-packages/django/db/models/query.py", line 51, in __iter__
    results = compiler.execute_sql(chunked_fetch=self.chunked_fetch, chunk_size=self.chunk_size)
  File "/opt/homebrew/Caskroom/miniforge/base/envs/smart/lib/python3.8/site-packages/django/db/models/sql/compiler.py", line 1202, in execute_sql
    cursor.execute(sql, params)
  File "/opt/homebrew/Caskroom/miniforge/base/envs/smart/lib/python3.8/site-packages/django/db/backends/utils.py", line 99, in execute
    return super().execute(sql, params)
  File "/opt/homebrew/Caskroom/miniforge/base/envs/smart/lib/python3.8/site-packages/django/db/backends/utils.py", line 67, in execute
    return self._execute_with_wrappers(sql, params, many=False, executor=self._execute)
  File "/opt/homebrew/Caskroom/miniforge/base/envs/smart/lib/python3.8/site-packages/django/db/backends/utils.py", line 76, in _execute_with_wrappers
    return executor(sql, params, many, context)
  File "/opt/homebrew/Caskroom/miniforge/base/envs/smart/lib/python3.8/site-packages/django/db/backends/utils.py", line 85, in _execute
    return self.cursor.execute(sql, params)
  File "/opt/homebrew/Caskroom/miniforge/base/envs/smart/lib/python3.8/site-packages/django/db/utils.py", line 90, in __exit__
    raise dj_exc_value.with_traceback(traceback) from exc_value
  File "/opt/homebrew/Caskroom/miniforge/base/envs/smart/lib/python3.8/site-packages/django/db/backends/utils.py", line 85, in _execute
    return self.cursor.execute(sql, params)
  File "/opt/homebrew/Caskroom/miniforge/base/envs/smart/lib/python3.8/site-packages/django/db/backends/sqlite3/base.py", line 416, in execute
    return Database.Cursor.execute(self, query, params)
django.db.utils.OperationalError: no such column: monitor_phone.last_updated
/opt/homebrew/Caskroom/miniforge/base/envs/smart/lib/python3.8/site-packages/telegram/ext/conversationhandler.py:287: UserWarning: If 'per_message=False', 'CallbackQueryHandler' will not be tracked for every message.
  warnings.warn(
(0.001) SELECT "monitor_phone"."id", "monitor_phone"."phoneGroup_id", "monitor_phone"."phone_type", "monitor_phone"."phone_no", "monitor_phone"."networkId", "monitor_phone"."avg_downloadBandwidth", "monitor_phone"."avg_uploadBandwidth", "monitor_phone"."status", "monitor_phone"."total_count", "monitor_phone"."last_updated", "monitor_phone"."active" FROM "monitor_phone"; args=(); alias=default
Failed to complete cronjob at ('* * * * *', 'monitor.cron.measuring_end_check', '>>/Users/jonghyunkim/code/smartproject/monitor/cron.log')
Traceback (most recent call last):
  File "/opt/homebrew/Caskroom/miniforge/base/envs/smart/lib/python3.8/site-packages/django/db/backends/utils.py", line 85, in _execute
    return self.cursor.execute(sql, params)
  File "/opt/homebrew/Caskroom/miniforge/base/envs/smart/lib/python3.8/site-packages/django/db/backends/sqlite3/base.py", line 416, in execute
    return Database.Cursor.execute(self, query, params)
sqlite3.OperationalError: no such table: monitor_phone

The above exception was the direct cause of the following exception:

Traceback (most recent call last):
  File "/opt/homebrew/Caskroom/miniforge/base/envs/smart/lib/python3.8/site-packages/django_crontab/crontab.py", line 145, in run_job
    func(*job_args, **job_kwargs)
  File "/Users/jonghyunkim/code/smartproject/monitor/cron.py", line 7, in measuring_end_check
    for phone in qs:
  File "/opt/homebrew/Caskroom/miniforge/base/envs/smart/lib/python3.8/site-packages/django/db/models/query.py", line 280, in __iter__
    self._fetch_all()
  File "/opt/homebrew/Caskroom/miniforge/base/envs/smart/lib/python3.8/site-packages/django/db/models/query.py", line 1354, in _fetch_all
    self._result_cache = list(self._iterable_class(self))
  File "/opt/homebrew/Caskroom/miniforge/base/envs/smart/lib/python3.8/site-packages/django/db/models/query.py", line 51, in __iter__
    results = compiler.execute_sql(chunked_fetch=self.chunked_fetch, chunk_size=self.chunk_size)
  File "/opt/homebrew/Caskroom/miniforge/base/envs/smart/lib/python3.8/site-packages/django/db/models/sql/compiler.py", line 1202, in execute_sql
    cursor.execute(sql, params)
  File "/opt/homebrew/Caskroom/miniforge/base/envs/smart/lib/python3.8/site-packages/django/db/backends/utils.py", line 99, in execute
    return super().execute(sql, params)
  File "/opt/homebrew/Caskroom/miniforge/base/envs/smart/lib/python3.8/site-packages/django/db/backends/utils.py", line 67, in execute
    return self._execute_with_wrappers(sql, params, many=False, executor=self._execute)
  File "/opt/homebrew/Caskroom/miniforge/base/envs/smart/lib/python3.8/site-packages/django/db/backends/utils.py", line 76, in _execute_with_wrappers
    return executor(sql, params, many, context)
  File "/opt/homebrew/Caskroom/miniforge/base/envs/smart/lib/python3.8/site-packages/django/db/backends/utils.py", line 85, in _execute
    return self.cursor.execute(sql, params)
  File "/opt/homebrew/Caskroom/miniforge/base/envs/smart/lib/python3.8/site-packages/django/db/utils.py", line 90, in __exit__
    raise dj_exc_value.with_traceback(traceback) from exc_value
  File "/opt/homebrew/Caskroom/miniforge/base/envs/smart/lib/python3.8/site-packages/django/db/backends/utils.py", line 85, in _execute
    return self.cursor.execute(sql, params)
  File "/opt/homebrew/Caskroom/miniforge/base/envs/smart/lib/python3.8/site-packages/django/db/backends/sqlite3/base.py", line 416, in execute
    return Database.Cursor.execute(self, query, params)
django.db.utils.OperationalError: no such table: monitor_phone
/opt/homebrew/Caskroom/miniforge/base/envs/smart/lib/python3.8/site-packages/telegram/ext/conversationhandler.py:287: UserWarning: If 'per_message=False', 'CallbackQueryHandler' will not be tracked for every message.
  warnings.warn(
(0.001) SELECT "monitor_phone"."id", "monitor_phone"."phoneGroup_id", "monitor_phone"."phone_type", "monitor_phone"."phone_no", "monitor_phone"."networkId", "monitor_phone"."avg_downloadBandwidth", "monitor_phone"."avg_uploadBandwidth", "monitor_phone"."status", "monitor_phone"."total_count", "monitor_phone"."last_updated", "monitor_phone"."active" FROM "monitor_phone"; args=(); alias=default
DL/1044700193/20.3/0.0/1
/opt/homebrew/Caskroom/miniforge/base/envs/smart/lib/python3.8/site-packages/telegram/ext/conversationhandler.py:287: UserWarning: If 'per_message=False', 'CallbackQueryHandler' will not be tracked for every message.
  warnings.warn(
(0.000) SELECT "monitor_phone"."id", "monitor_phone"."phoneGroup_id", "monitor_phone"."phone_type", "monitor_phone"."phone_no", "monitor_phone"."networkId", "monitor_phone"."avg_downloadBandwidth", "monitor_phone"."avg_uploadBandwidth", "monitor_phone"."status", "monitor_phone"."total_count", "monitor_phone"."last_updated", "monitor_phone"."active" FROM "monitor_phone"; args=(); alias=default
DL/1044700193/20.3/0.0/1
/opt/homebrew/Caskroom/miniforge/base/envs/smart/lib/python3.8/site-packages/telegram/ext/conversationhandler.py:287: UserWarning: If 'per_message=False', 'CallbackQueryHandler' will not be tracked for every message.
  warnings.warn(
(0.001) SELECT "monitor_phone"."id", "monitor_phone"."phoneGroup_id", "monitor_phone"."phone_type", "monitor_phone"."phone_no", "monitor_phone"."networkId", "monitor_phone"."avg_downloadBandwidth", "monitor_phone"."avg_uploadBandwidth", "monitor_phone"."status", "monitor_phone"."total_count", "monitor_phone"."last_updated", "monitor_phone"."active" FROM "monitor_phone"; args=(); alias=default
DL/1044700193/20.3/0.0/1
/opt/homebrew/Caskroom/miniforge/base/envs/smart/lib/python3.8/site-packages/telegram/ext/conversationhandler.py:287: UserWarning: If 'per_message=False', 'CallbackQueryHandler' will not be tracked for every message.
  warnings.warn(
(0.001) SELECT "monitor_phone"."id", "monitor_phone"."phoneGroup_id", "monitor_phone"."phone_type", "monitor_phone"."phone_no", "monitor_phone"."networkId", "monitor_phone"."avg_downloadBandwidth", "monitor_phone"."avg_uploadBandwidth", "monitor_phone"."status", "monitor_phone"."total_count", "monitor_phone"."last_updated", "monitor_phone"."active" FROM "monitor_phone"; args=(); alias=default
DL/1044700193/20.3/0.0/1
/opt/homebrew/Caskroom/miniforge/base/envs/smart/lib/python3.8/site-packages/telegram/ext/conversationhandler.py:287: UserWarning: If 'per_message=False', 'CallbackQueryHandler' will not be tracked for every message.
  warnings.warn(
(0.001) SELECT "monitor_phone"."id", "monitor_phone"."phoneGroup_id", "monitor_phone"."phone_type", "monitor_phone"."phone_no", "monitor_phone"."networkId", "monitor_phone"."avg_downloadBandwidth", "monitor_phone"."avg_uploadBandwidth", "monitor_phone"."status", "monitor_phone"."total_count", "monitor_phone"."last_updated", "monitor_phone"."active" FROM "monitor_phone"; args=(); alias=default
DL/1044700193/20.3/0.0/1
/opt/homebrew/Caskroom/miniforge/base/envs/smart/lib/python3.8/site-packages/telegram/ext/conversationhandler.py:287: UserWarning: If 'per_message=False', 'CallbackQueryHandler' will not be tracked for every message.
  warnings.warn(
(0.001) SELECT "monitor_phone"."id", "monitor_phone"."phoneGroup_id", "monitor_phone"."phone_type", "monitor_phone"."phone_no", "monitor_phone"."networkId", "monitor_phone"."avg_downloadBandwidth", "monitor_phone"."avg_uploadBandwidth", "monitor_phone"."status", "monitor_phone"."total_count", "monitor_phone"."last_updated", "monitor_phone"."active" FROM "monitor_phone"; args=(); alias=default
DL/1044700193/20.3/0.0/1
/opt/homebrew/Caskroom/miniforge/base/envs/smart/lib/python3.8/site-packages/telegram/ext/conversationhandler.py:287: UserWarning: If 'per_message=False', 'CallbackQueryHandler' will not be tracked for every message.
  warnings.warn(
(0.001) SELECT "monitor_phone"."id", "monitor_phone"."phoneGroup_id", "monitor_phone"."phone_type", "monitor_phone"."phone_no", "monitor_phone"."networkId", "monitor_phone"."avg_downloadBandwidth", "monitor_phone"."avg_uploadBandwidth", "monitor_phone"."status", "monitor_phone"."total_count", "monitor_phone"."last_updated", "monitor_phone"."active" FROM "monitor_phone"; args=(); alias=default
DL/1044700193/20.3/0.0/1
/opt/homebrew/Caskroom/miniforge/base/envs/smart/lib/python3.8/site-packages/telegram/ext/conversationhandler.py:287: UserWarning: If 'per_message=False', 'CallbackQueryHandler' will not be tracked for every message.
  warnings.warn(
(0.001) SELECT "monitor_phone"."id", "monitor_phone"."phoneGroup_id", "monitor_phone"."phone_type", "monitor_phone"."phone_no", "monitor_phone"."networkId", "monitor_phone"."avg_downloadBandwidth", "monitor_phone"."avg_uploadBandwidth", "monitor_phone"."status", "monitor_phone"."total_count", "monitor_phone"."last_updated", "monitor_phone"."active" FROM "monitor_phone"; args=(); alias=default
DL/1044700193/20.3/0.0/1
/opt/homebrew/Caskroom/miniforge/base/envs/smart/lib/python3.8/site-packages/telegram/ext/conversationhandler.py:287: UserWarning: If 'per_message=False', 'CallbackQueryHandler' will not be tracked for every message.
  warnings.warn(
(0.001) SELECT "monitor_phone"."id", "monitor_phone"."phoneGroup_id", "monitor_phone"."phone_type", "monitor_phone"."phone_no", "monitor_phone"."networkId", "monitor_phone"."avg_downloadBandwidth", "monitor_phone"."avg_uploadBandwidth", "monitor_phone"."status", "monitor_phone"."total_count", "monitor_phone"."last_updated", "monitor_phone"."active" FROM "monitor_phone"; args=(); alias=default
DL/1044700193/20.3/0.0/1
/opt/homebrew/Caskroom/miniforge/base/envs/smart/lib/python3.8/site-packages/telegram/ext/conversationhandler.py:287: UserWarning: If 'per_message=False', 'CallbackQueryHandler' will not be tracked for every message.
  warnings.warn(
(0.001) SELECT "monitor_phone"."id", "monitor_phone"."phoneGroup_id", "monitor_phone"."phone_type", "monitor_phone"."phone_no", "monitor_phone"."networkId", "monitor_phone"."avg_downloadBandwidth", "monitor_phone"."avg_uploadBandwidth", "monitor_phone"."status", "monitor_phone"."total_count", "monitor_phone"."last_updated", "monitor_phone"."active" FROM "monitor_phone"; args=(); alias=default
DL/1044700193/20.3/0.0/1
/opt/homebrew/Caskroom/miniforge/base/envs/smart/lib/python3.8/site-packages/telegram/ext/conversationhandler.py:287: UserWarning: If 'per_message=False', 'CallbackQueryHandler' will not be tracked for every message.
  warnings.warn(
(0.000) SELECT "monitor_phone"."id", "monitor_phone"."phoneGroup_id", "monitor_phone"."phone_type", "monitor_phone"."phone_no", "monitor_phone"."networkId", "monitor_phone"."avg_downloadBandwidth", "monitor_phone"."avg_uploadBandwidth", "monitor_phone"."status", "monitor_phone"."total_count", "monitor_phone"."last_updated", "monitor_phone"."active" FROM "monitor_phone"; args=(); alias=default
DL/1044700193/20.3/0.0/1
/opt/homebrew/Caskroom/miniforge/base/envs/smart/lib/python3.8/site-packages/telegram/ext/conversationhandler.py:287: UserWarning: If 'per_message=False', 'CallbackQueryHandler' will not be tracked for every message.
  warnings.warn(
(0.001) SELECT "monitor_phone"."id", "monitor_phone"."phoneGroup_id", "monitor_phone"."phone_type", "monitor_phone"."phone_no", "monitor_phone"."networkId", "monitor_phone"."avg_downloadBandwidth", "monitor_phone"."avg_uploadBandwidth", "monitor_phone"."status", "monitor_phone"."total_count", "monitor_phone"."last_updated", "monitor_phone"."active" FROM "monitor_phone"; args=(); alias=default
DL/1044700193/20.3/0.0/1
/opt/homebrew/Caskroom/miniforge/base/envs/smart/lib/python3.8/site-packages/telegram/ext/conversationhandler.py:287: UserWarning: If 'per_message=False', 'CallbackQueryHandler' will not be tracked for every message.
  warnings.warn(
(0.001) SELECT "monitor_phone"."id", "monitor_phone"."phoneGroup_id", "monitor_phone"."phone_type", "monitor_phone"."phone_no", "monitor_phone"."networkId", "monitor_phone"."avg_downloadBandwidth", "monitor_phone"."avg_uploadBandwidth", "monitor_phone"."status", "monitor_phone"."total_count", "monitor_phone"."last_updated", "monitor_phone"."active" FROM "monitor_phone"; args=(); alias=default
DL/1044700193/20.3/0.0/1
/opt/homebrew/Caskroom/miniforge/base/envs/smart/lib/python3.8/site-packages/telegram/ext/conversationhandler.py:287: UserWarning: If 'per_message=False', 'CallbackQueryHandler' will not be tracked for every message.
  warnings.warn(
(0.001) SELECT "monitor_phone"."id", "monitor_phone"."phoneGroup_id", "monitor_phone"."phone_type", "monitor_phone"."phone_no", "monitor_phone"."networkId", "monitor_phone"."avg_downloadBandwidth", "monitor_phone"."avg_uploadBandwidth", "monitor_phone"."status", "monitor_phone"."total_count", "monitor_phone"."last_updated", "monitor_phone"."active" FROM "monitor_phone"; args=(); alias=default
DL/1044700193/20.3/0.0/1
/opt/homebrew/Caskroom/miniforge/base/envs/smart/lib/python3.8/site-packages/telegram/ext/conversationhandler.py:287: UserWarning: If 'per_message=False', 'CallbackQueryHandler' will not be tracked for every message.
  warnings.warn(
(0.000) SELECT "monitor_phone"."id", "monitor_phone"."phoneGroup_id", "monitor_phone"."phone_type", "monitor_phone"."phone_no", "monitor_phone"."networkId", "monitor_phone"."avg_downloadBandwidth", "monitor_phone"."avg_uploadBandwidth", "monitor_phone"."status", "monitor_phone"."total_count", "monitor_phone"."last_updated", "monitor_phone"."active" FROM "monitor_phone"; args=(); alias=default
DL/1044700193/20.3/0.0/1
/opt/homebrew/Caskroom/miniforge/base/envs/smart/lib/python3.8/site-packages/telegram/ext/conversationhandler.py:287: UserWarning: If 'per_message=False', 'CallbackQueryHandler' will not be tracked for every message.
  warnings.warn(
(0.001) SELECT "monitor_phone"."id", "monitor_phone"."phoneGroup_id", "monitor_phone"."phone_type", "monitor_phone"."phone_no", "monitor_phone"."networkId", "monitor_phone"."avg_downloadBandwidth", "monitor_phone"."avg_uploadBandwidth", "monitor_phone"."status", "monitor_phone"."total_count", "monitor_phone"."last_updated", "monitor_phone"."active" FROM "monitor_phone"; args=(); alias=default
DL/1044700193/20.3/0.0/1
/opt/homebrew/Caskroom/miniforge/base/envs/smart/lib/python3.8/site-packages/telegram/ext/conversationhandler.py:287: UserWarning: If 'per_message=False', 'CallbackQueryHandler' will not be tracked for every message.
  warnings.warn(
(0.000) SELECT "monitor_phone"."id", "monitor_phone"."phoneGroup_id", "monitor_phone"."phone_type", "monitor_phone"."phone_no", "monitor_phone"."networkId", "monitor_phone"."avg_downloadBandwidth", "monitor_phone"."avg_uploadBandwidth", "monitor_phone"."status", "monitor_phone"."total_count", "monitor_phone"."last_updated", "monitor_phone"."active" FROM "monitor_phone"; args=(); alias=default
DL/1044700193/20.3/0.0/1
/opt/homebrew/Caskroom/miniforge/base/envs/smart/lib/python3.8/site-packages/telegram/ext/conversationhandler.py:287: UserWarning: If 'per_message=False', 'CallbackQueryHandler' will not be tracked for every message.
  warnings.warn(
(0.001) SELECT "monitor_phone"."id", "monitor_phone"."phoneGroup_id", "monitor_phone"."phone_type", "monitor_phone"."phone_no", "monitor_phone"."networkId", "monitor_phone"."avg_downloadBandwidth", "monitor_phone"."avg_uploadBandwidth", "monitor_phone"."status", "monitor_phone"."total_count", "monitor_phone"."last_updated", "monitor_phone"."active" FROM "monitor_phone"; args=(); alias=default
DL/1044700193/20.3/0.0/1
/opt/homebrew/Caskroom/miniforge/base/envs/smart/lib/python3.8/site-packages/telegram/ext/conversationhandler.py:287: UserWarning: If 'per_message=False', 'CallbackQueryHandler' will not be tracked for every message.
  warnings.warn(
(0.000) SELECT "monitor_phone"."id", "monitor_phone"."phoneGroup_id", "monitor_phone"."phone_type", "monitor_phone"."phone_no", "monitor_phone"."networkId", "monitor_phone"."avg_downloadBandwidth", "monitor_phone"."avg_uploadBandwidth", "monitor_phone"."status", "monitor_phone"."total_count", "monitor_phone"."last_updated", "monitor_phone"."active" FROM "monitor_phone"; args=(); alias=default
DL/1044700193/20.3/0.0/1
/opt/homebrew/Caskroom/miniforge/base/envs/smart/lib/python3.8/site-packages/telegram/ext/conversationhandler.py:287: UserWarning: If 'per_message=False', 'CallbackQueryHandler' will not be tracked for every message.
  warnings.warn(
(0.000) SELECT "monitor_phone"."id", "monitor_phone"."phoneGroup_id", "monitor_phone"."phone_type", "monitor_phone"."phone_no", "monitor_phone"."networkId", "monitor_phone"."avg_downloadBandwidth", "monitor_phone"."avg_uploadBandwidth", "monitor_phone"."status", "monitor_phone"."total_count", "monitor_phone"."last_updated", "monitor_phone"."active" FROM "monitor_phone"; args=(); alias=default
DL/1044700193/20.3/0.0/1
/opt/homebrew/Caskroom/miniforge/base/envs/smart/lib/python3.8/site-packages/telegram/ext/conversationhandler.py:287: UserWarning: If 'per_message=False', 'CallbackQueryHandler' will not be tracked for every message.
  warnings.warn(
(0.000) SELECT "monitor_phone"."id", "monitor_phone"."phoneGroup_id", "monitor_phone"."phone_type", "monitor_phone"."phone_no", "monitor_phone"."networkId", "monitor_phone"."avg_downloadBandwidth", "monitor_phone"."avg_uploadBandwidth", "monitor_phone"."status", "monitor_phone"."total_count", "monitor_phone"."last_updated", "monitor_phone"."active" FROM "monitor_phone"; args=(); alias=default
DL/1044700193/20.3/0.0/1
/opt/homebrew/Caskroom/miniforge/base/envs/smart/lib/python3.8/site-packages/telegram/ext/conversationhandler.py:287: UserWarning: If 'per_message=False', 'CallbackQueryHandler' will not be tracked for every message.
  warnings.warn(
(0.000) SELECT "monitor_phone"."id", "monitor_phone"."phoneGroup_id", "monitor_phone"."phone_type", "monitor_phone"."phone_no", "monitor_phone"."networkId", "monitor_phone"."avg_downloadBandwidth", "monitor_phone"."avg_uploadBandwidth", "monitor_phone"."status", "monitor_phone"."total_count", "monitor_phone"."last_updated", "monitor_phone"."active" FROM "monitor_phone"; args=(); alias=default
DL/1044700193/20.3/0.0/1
/opt/homebrew/Caskroom/miniforge/base/envs/smart/lib/python3.8/site-packages/telegram/ext/conversationhandler.py:287: UserWarning: If 'per_message=False', 'CallbackQueryHandler' will not be tracked for every message.
  warnings.warn(
(0.001) SELECT "monitor_phone"."id", "monitor_phone"."phoneGroup_id", "monitor_phone"."phone_type", "monitor_phone"."phone_no", "monitor_phone"."networkId", "monitor_phone"."avg_downloadBandwidth", "monitor_phone"."avg_uploadBandwidth", "monitor_phone"."status", "monitor_phone"."total_count", "monitor_phone"."last_updated", "monitor_phone"."active" FROM "monitor_phone"; args=(); alias=default
DL/1044700193/20.3/0.0/1
/opt/homebrew/Caskroom/miniforge/base/envs/smart/lib/python3.8/site-packages/telegram/ext/conversationhandler.py:287: UserWarning: If 'per_message=False', 'CallbackQueryHandler' will not be tracked for every message.
  warnings.warn(
(0.001) SELECT "monitor_phone"."id", "monitor_phone"."phoneGroup_id", "monitor_phone"."phone_type", "monitor_phone"."phone_no", "monitor_phone"."networkId", "monitor_phone"."avg_downloadBandwidth", "monitor_phone"."avg_uploadBandwidth", "monitor_phone"."status", "monitor_phone"."total_count", "monitor_phone"."last_updated", "monitor_phone"."active" FROM "monitor_phone"; args=(); alias=default
DL/1044700193/20.3/0.0/1
/opt/homebrew/Caskroom/miniforge/base/envs/smart/lib/python3.8/site-packages/telegram/ext/conversationhandler.py:287: UserWarning: If 'per_message=False', 'CallbackQueryHandler' will not be tracked for every message.
  warnings.warn(
(0.000) SELECT "monitor_phone"."id", "monitor_phone"."phoneGroup_id", "monitor_phone"."phone_type", "monitor_phone"."phone_no", "monitor_phone"."networkId", "monitor_phone"."avg_downloadBandwidth", "monitor_phone"."avg_uploadBandwidth", "monitor_phone"."status", "monitor_phone"."total_count", "monitor_phone"."last_updated", "monitor_phone"."active" FROM "monitor_phone"; args=(); alias=default
DL/1044700193/20.3/0.0/1
UL/1038130001/0.0/20.3/1
/opt/homebrew/Caskroom/miniforge/base/envs/smart/lib/python3.8/site-packages/telegram/ext/conversationhandler.py:287: UserWarning: If 'per_message=False', 'CallbackQueryHandler' will not be tracked for every message.
  warnings.warn(
(0.001) SELECT "monitor_phone"."id", "monitor_phone"."phoneGroup_id", "monitor_phone"."phone_type", "monitor_phone"."phone_no", "monitor_phone"."networkId", "monitor_phone"."avg_downloadBandwidth", "monitor_phone"."avg_uploadBandwidth", "monitor_phone"."status", "monitor_phone"."total_count", "monitor_phone"."last_updated", "monitor_phone"."active" FROM "monitor_phone"; args=(); alias=default
DL/1044700193/20.3/0.0/1
UL/1038130001/0.0/20.3/1
/opt/homebrew/Caskroom/miniforge/base/envs/smart/lib/python3.8/site-packages/telegram/ext/conversationhandler.py:287: UserWarning: If 'per_message=False', 'CallbackQueryHandler' will not be tracked for every message.
  warnings.warn(
(0.001) SELECT "monitor_phone"."id", "monitor_phone"."phoneGroup_id", "monitor_phone"."phone_type", "monitor_phone"."phone_no", "monitor_phone"."networkId", "monitor_phone"."avg_downloadBandwidth", "monitor_phone"."avg_uploadBandwidth", "monitor_phone"."status", "monitor_phone"."total_count", "monitor_phone"."last_updated", "monitor_phone"."active" FROM "monitor_phone"; args=(); alias=default
DL/1044700193/20.3/0.0/1
UL/1038130001/0.0/20.3/1
/opt/homebrew/Caskroom/miniforge/base/envs/smart/lib/python3.8/site-packages/telegram/ext/conversationhandler.py:287: UserWarning: If 'per_message=False', 'CallbackQueryHandler' will not be tracked for every message.
  warnings.warn(
(0.001) SELECT "monitor_phone"."id", "monitor_phone"."phoneGroup_id", "monitor_phone"."phone_type", "monitor_phone"."phone_no", "monitor_phone"."networkId", "monitor_phone"."avg_downloadBandwidth", "monitor_phone"."avg_uploadBandwidth", "monitor_phone"."status", "monitor_phone"."total_count", "monitor_phone"."last_updated", "monitor_phone"."active" FROM "monitor_phone"; args=(); alias=default
DL/1044700193/20.3/0.0/1
UL/1038130001/0.0/20.3/1
/opt/homebrew/Caskroom/miniforge/base/envs/smart/lib/python3.8/site-packages/telegram/ext/conversationhandler.py:287: UserWarning: If 'per_message=False', 'CallbackQueryHandler' will not be tracked for every message.
  warnings.warn(
(0.001) SELECT "monitor_phone"."id", "monitor_phone"."phoneGroup_id", "monitor_phone"."phone_type", "monitor_phone"."phone_no", "monitor_phone"."networkId", "monitor_phone"."avg_downloadBandwidth", "monitor_phone"."avg_uploadBandwidth", "monitor_phone"."status", "monitor_phone"."total_count", "monitor_phone"."last_updated", "monitor_phone"."active" FROM "monitor_phone"; args=(); alias=default
DL/1044700193/20.3/0.0/1
UL/1038130001/0.0/20.3/1
/opt/homebrew/Caskroom/miniforge/base/envs/smart/lib/python3.8/site-packages/telegram/ext/conversationhandler.py:287: UserWarning: If 'per_message=False', 'CallbackQueryHandler' will not be tracked for every message.
  warnings.warn(
(0.001) SELECT "monitor_phone"."id", "monitor_phone"."phoneGroup_id", "monitor_phone"."phone_type", "monitor_phone"."phone_no", "monitor_phone"."networkId", "monitor_phone"."avg_downloadBandwidth", "monitor_phone"."avg_uploadBandwidth", "monitor_phone"."status", "monitor_phone"."total_count", "monitor_phone"."last_updated", "monitor_phone"."active" FROM "monitor_phone"; args=(); alias=default
DL/1044700193/20.3/0.0/1
UL/1038130001/0.0/20.3/1
/opt/homebrew/Caskroom/miniforge/base/envs/smart/lib/python3.8/site-packages/telegram/ext/conversationhandler.py:287: UserWarning: If 'per_message=False', 'CallbackQueryHandler' will not be tracked for every message.
  warnings.warn(
(0.001) SELECT "monitor_phone"."id", "monitor_phone"."phoneGroup_id", "monitor_phone"."phone_type", "monitor_phone"."phone_no", "monitor_phone"."networkId", "monitor_phone"."avg_downloadBandwidth", "monitor_phone"."avg_uploadBandwidth", "monitor_phone"."status", "monitor_phone"."total_count", "monitor_phone"."last_updated", "monitor_phone"."active" FROM "monitor_phone"; args=(); alias=default
DL/1044700193/20.3/0.0/1
UL/1038130001/0.0/20.3/1
/opt/homebrew/Caskroom/miniforge/base/envs/smart/lib/python3.8/site-packages/telegram/ext/conversationhandler.py:287: UserWarning: If 'per_message=False', 'CallbackQueryHandler' will not be tracked for every message.
  warnings.warn(
(0.001) SELECT "monitor_phone"."id", "monitor_phone"."phoneGroup_id", "monitor_phone"."phone_type", "monitor_phone"."phone_no", "monitor_phone"."networkId", "monitor_phone"."avg_downloadBandwidth", "monitor_phone"."avg_uploadBandwidth", "monitor_phone"."status", "monitor_phone"."total_count", "monitor_phone"."last_updated", "monitor_phone"."active" FROM "monitor_phone"; args=(); alias=default
DL/1044700193/20.3/0.0/1
UL/1038130001/0.0/20.3/1
/opt/homebrew/Caskroom/miniforge/base/envs/smart/lib/python3.8/site-packages/telegram/ext/conversationhandler.py:287: UserWarning: If 'per_message=False', 'CallbackQueryHandler' will not be tracked for every message.
  warnings.warn(
(0.001) SELECT "monitor_phone"."id", "monitor_phone"."phoneGroup_id", "monitor_phone"."phone_type", "monitor_phone"."phone_no", "monitor_phone"."networkId", "monitor_phone"."avg_downloadBandwidth", "monitor_phone"."avg_uploadBandwidth", "monitor_phone"."status", "monitor_phone"."total_count", "monitor_phone"."last_updated", "monitor_phone"."active" FROM "monitor_phone"; args=(); alias=default
DL/1044700193/20.3/0.0/1
UL/1038130001/0.0/20.3/1
/opt/homebrew/Caskroom/miniforge/base/envs/smart/lib/python3.8/site-packages/telegram/ext/conversationhandler.py:287: UserWarning: If 'per_message=False', 'CallbackQueryHandler' will not be tracked for every message.
  warnings.warn(
(0.001) SELECT "monitor_phone"."id", "monitor_phone"."phoneGroup_id", "monitor_phone"."phone_type", "monitor_phone"."phone_no", "monitor_phone"."networkId", "monitor_phone"."avg_downloadBandwidth", "monitor_phone"."avg_uploadBandwidth", "monitor_phone"."status", "monitor_phone"."total_count", "monitor_phone"."last_updated", "monitor_phone"."active" FROM "monitor_phone"; args=(); alias=default
DL/1044700193/20.3/0.0/1
UL/1038130001/0.0/20.3/1
/opt/homebrew/Caskroom/miniforge/base/envs/smart/lib/python3.8/site-packages/telegram/ext/conversationhandler.py:287: UserWarning: If 'per_message=False', 'CallbackQueryHandler' will not be tracked for every message.
  warnings.warn(
(0.001) SELECT "monitor_phone"."id", "monitor_phone"."phoneGroup_id", "monitor_phone"."phone_type", "monitor_phone"."phone_no", "monitor_phone"."networkId", "monitor_phone"."avg_downloadBandwidth", "monitor_phone"."avg_uploadBandwidth", "monitor_phone"."status", "monitor_phone"."total_count", "monitor_phone"."last_updated", "monitor_phone"."active" FROM "monitor_phone"; args=(); alias=default
DL/1044700193/20.3/0.0/4
UL/1038130001/0.0/20.3/1
/opt/homebrew/Caskroom/miniforge/base/envs/smart/lib/python3.8/site-packages/telegram/ext/conversationhandler.py:287: UserWarning: If 'per_message=False', 'CallbackQueryHandler' will not be tracked for every message.
  warnings.warn(
(0.001) SELECT "monitor_phone"."id", "monitor_phone"."phoneGroup_id", "monitor_phone"."phone_type", "monitor_phone"."phone_no", "monitor_phone"."networkId", "monitor_phone"."avg_downloadBandwidth", "monitor_phone"."avg_uploadBandwidth", "monitor_phone"."status", "monitor_phone"."total_count", "monitor_phone"."last_updated", "monitor_phone"."active" FROM "monitor_phone"; args=(); alias=default
DL/1044700193/20.3/0.0/4
UL/1038130001/0.0/20.3/1
/opt/homebrew/Caskroom/miniforge/base/envs/smart/lib/python3.8/site-packages/telegram/ext/conversationhandler.py:287: UserWarning: If 'per_message=False', 'CallbackQueryHandler' will not be tracked for every message.
  warnings.warn(
(0.001) SELECT "monitor_phone"."id", "monitor_phone"."phoneGroup_id", "monitor_phone"."phone_type", "monitor_phone"."phone_no", "monitor_phone"."networkId", "monitor_phone"."avg_downloadBandwidth", "monitor_phone"."avg_uploadBandwidth", "monitor_phone"."status", "monitor_phone"."total_count", "monitor_phone"."last_updated", "monitor_phone"."active" FROM "monitor_phone"; args=(); alias=default
DL/1044700193/20.3/0.0/4
UL/1038130001/0.0/20.3/1
/opt/homebrew/Caskroom/miniforge/base/envs/smart/lib/python3.8/site-packages/telegram/ext/conversationhandler.py:287: UserWarning: If 'per_message=False', 'CallbackQueryHandler' will not be tracked for every message.
  warnings.warn(
(0.000) SELECT "monitor_phone"."id", "monitor_phone"."phoneGroup_id", "monitor_phone"."phone_type", "monitor_phone"."phone_no", "monitor_phone"."networkId", "monitor_phone"."avg_downloadBandwidth", "monitor_phone"."avg_uploadBandwidth", "monitor_phone"."status", "monitor_phone"."total_count", "monitor_phone"."last_updated", "monitor_phone"."active" FROM "monitor_phone"; args=(); alias=default
DL/1044700193/20.3/0.0/4
UL/1038130001/0.0/20.3/1
/opt/homebrew/Caskroom/miniforge/base/envs/smart/lib/python3.8/site-packages/telegram/ext/conversationhandler.py:287: UserWarning: If 'per_message=False', 'CallbackQueryHandler' will not be tracked for every message.
  warnings.warn(
(0.001) SELECT "monitor_phone"."id", "monitor_phone"."phoneGroup_id", "monitor_phone"."phone_type", "monitor_phone"."phone_no", "monitor_phone"."networkId", "monitor_phone"."avg_downloadBandwidth", "monitor_phone"."avg_uploadBandwidth", "monitor_phone"."status", "monitor_phone"."total_count", "monitor_phone"."last_updated", "monitor_phone"."active" FROM "monitor_phone"; args=(); alias=default
DL/1044700193/20.3/0.0/4
UL/1038130001/0.0/20.3/1
/opt/homebrew/Caskroom/miniforge/base/envs/smart/lib/python3.8/site-packages/telegram/ext/conversationhandler.py:287: UserWarning: If 'per_message=False', 'CallbackQueryHandler' will not be tracked for every message.
  warnings.warn(
(0.000) SELECT "monitor_phone"."id", "monitor_phone"."phoneGroup_id", "monitor_phone"."phone_type", "monitor_phone"."phone_no", "monitor_phone"."networkId", "monitor_phone"."avg_downloadBandwidth", "monitor_phone"."avg_uploadBandwidth", "monitor_phone"."status", "monitor_phone"."total_count", "monitor_phone"."last_updated", "monitor_phone"."active" FROM "monitor_phone"; args=(); alias=default
DL/1044700193/20.3/0.0/4
UL/1038130001/0.0/20.3/1
/opt/homebrew/Caskroom/miniforge/base/envs/smart/lib/python3.8/site-packages/telegram/ext/conversationhandler.py:287: UserWarning: If 'per_message=False', 'CallbackQueryHandler' will not be tracked for every message.
  warnings.warn(
(0.001) SELECT "monitor_phone"."id", "monitor_phone"."phoneGroup_id", "monitor_phone"."phone_type", "monitor_phone"."phone_no", "monitor_phone"."networkId", "monitor_phone"."avg_downloadBandwidth", "monitor_phone"."avg_uploadBandwidth", "monitor_phone"."status", "monitor_phone"."total_count", "monitor_phone"."last_updated", "monitor_phone"."active" FROM "monitor_phone"; args=(); alias=default
DL/1044700193/20.3/0.0/4
UL/1038130001/0.0/20.3/1
/opt/homebrew/Caskroom/miniforge/base/envs/smart/lib/python3.8/site-packages/telegram/ext/conversationhandler.py:287: UserWarning: If 'per_message=False', 'CallbackQueryHandler' will not be tracked for every message.
  warnings.warn(
(0.001) SELECT "monitor_phone"."id", "monitor_phone"."phoneGroup_id", "monitor_phone"."phone_type", "monitor_phone"."phone_no", "monitor_phone"."networkId", "monitor_phone"."avg_downloadBandwidth", "monitor_phone"."avg_uploadBandwidth", "monitor_phone"."status", "monitor_phone"."total_count", "monitor_phone"."last_updated", "monitor_phone"."active" FROM "monitor_phone"; args=(); alias=default
DL/1044700193/20.3/0.0/4
UL/1038130001/0.0/20.3/1
/opt/homebrew/Caskroom/miniforge/base/envs/smart/lib/python3.8/site-packages/telegram/ext/conversationhandler.py:287: UserWarning: If 'per_message=False', 'CallbackQueryHandler' will not be tracked for every message.
  warnings.warn(
(0.001) SELECT "monitor_phone"."id", "monitor_phone"."phoneGroup_id", "monitor_phone"."phone_type", "monitor_phone"."phone_no", "monitor_phone"."networkId", "monitor_phone"."avg_downloadBandwidth", "monitor_phone"."avg_uploadBandwidth", "monitor_phone"."status", "monitor_phone"."total_count", "monitor_phone"."last_updated", "monitor_phone"."active" FROM "monitor_phone"; args=(); alias=default
DL/1044700193/20.3/0.0/4
UL/1038130001/0.0/20.3/1
/opt/homebrew/Caskroom/miniforge/base/envs/smart/lib/python3.8/site-packages/telegram/ext/conversationhandler.py:287: UserWarning: If 'per_message=False', 'CallbackQueryHandler' will not be tracked for every message.
  warnings.warn(
(0.001) SELECT "monitor_phone"."id", "monitor_phone"."phoneGroup_id", "monitor_phone"."phone_type", "monitor_phone"."phone_no", "monitor_phone"."networkId", "monitor_phone"."avg_downloadBandwidth", "monitor_phone"."avg_uploadBandwidth", "monitor_phone"."status", "monitor_phone"."total_count", "monitor_phone"."last_updated", "monitor_phone"."active" FROM "monitor_phone"; args=(); alias=default
DL/1044700193/20.3/0.0/4
UL/1038130001/0.0/20.3/1
/opt/homebrew/Caskroom/miniforge/base/envs/smart/lib/python3.8/site-packages/telegram/ext/conversationhandler.py:287: UserWarning: If 'per_message=False', 'CallbackQueryHandler' will not be tracked for every message.
  warnings.warn(
(0.001) SELECT "monitor_phone"."id", "monitor_phone"."phoneGroup_id", "monitor_phone"."phone_type", "monitor_phone"."phone_no", "monitor_phone"."networkId", "monitor_phone"."avg_downloadBandwidth", "monitor_phone"."avg_uploadBandwidth", "monitor_phone"."status", "monitor_phone"."total_count", "monitor_phone"."last_updated", "monitor_phone"."active" FROM "monitor_phone"; args=(); alias=default
DL/1044700193/20.3/0.0/4
UL/1038130001/0.0/20.3/1
/opt/homebrew/Caskroom/miniforge/base/envs/smart/lib/python3.8/site-packages/telegram/ext/conversationhandler.py:287: UserWarning: If 'per_message=False', 'CallbackQueryHandler' will not be tracked for every message.
  warnings.warn(
(0.001) SELECT "monitor_phone"."id", "monitor_phone"."phoneGroup_id", "monitor_phone"."phone_type", "monitor_phone"."phone_no", "monitor_phone"."networkId", "monitor_phone"."avg_downloadBandwidth", "monitor_phone"."avg_uploadBandwidth", "monitor_phone"."status", "monitor_phone"."total_count", "monitor_phone"."last_updated", "monitor_phone"."active" FROM "monitor_phone"; args=(); alias=default
DL/1044700193/20.3/0.0/4
UL/1038130001/0.0/20.3/1
/opt/homebrew/Caskroom/miniforge/base/envs/smart/lib/python3.8/site-packages/telegram/ext/conversationhandler.py:287: UserWarning: If 'per_message=False', 'CallbackQueryHandler' will not be tracked for every message.
  warnings.warn(
(0.001) SELECT "monitor_phone"."id", "monitor_phone"."phoneGroup_id", "monitor_phone"."phone_type", "monitor_phone"."phone_no", "monitor_phone"."networkId", "monitor_phone"."avg_downloadBandwidth", "monitor_phone"."avg_uploadBandwidth", "monitor_phone"."status", "monitor_phone"."total_count", "monitor_phone"."last_updated", "monitor_phone"."active" FROM "monitor_phone"; args=(); alias=default
DL/1044700193/20.3/0.0/4
UL/1038130001/0.0/20.3/1
/opt/homebrew/Caskroom/miniforge/base/envs/smart/lib/python3.8/site-packages/telegram/ext/conversationhandler.py:287: UserWarning: If 'per_message=False', 'CallbackQueryHandler' will not be tracked for every message.
  warnings.warn(
(0.001) SELECT "monitor_phone"."id", "monitor_phone"."phoneGroup_id", "monitor_phone"."phone_type", "monitor_phone"."phone_no", "monitor_phone"."networkId", "monitor_phone"."avg_downloadBandwidth", "monitor_phone"."avg_uploadBandwidth", "monitor_phone"."status", "monitor_phone"."total_count", "monitor_phone"."last_updated", "monitor_phone"."active" FROM "monitor_phone"; args=(); alias=default
DL/1044700193/20.3/0.0/4
UL/1038130001/0.0/20.3/1
/opt/homebrew/Caskroom/miniforge/base/envs/smart/lib/python3.8/site-packages/telegram/ext/conversationhandler.py:287: UserWarning: If 'per_message=False', 'CallbackQueryHandler' will not be tracked for every message.
  warnings.warn(
(0.001) SELECT "monitor_phone"."id", "monitor_phone"."phoneGroup_id", "monitor_phone"."phone_type", "monitor_phone"."phone_no", "monitor_phone"."networkId", "monitor_phone"."avg_downloadBandwidth", "monitor_phone"."avg_uploadBandwidth", "monitor_phone"."status", "monitor_phone"."total_count", "monitor_phone"."last_updated", "monitor_phone"."active" FROM "monitor_phone"; args=(); alias=default
DL/1044700193/20.3/0.0/4
UL/1038130001/0.0/20.3/1
/opt/homebrew/Caskroom/miniforge/base/envs/smart/lib/python3.8/site-packages/telegram/ext/conversationhandler.py:287: UserWarning: If 'per_message=False', 'CallbackQueryHandler' will not be tracked for every message.
  warnings.warn(
(0.001) SELECT "monitor_phone"."id", "monitor_phone"."phoneGroup_id", "monitor_phone"."phone_type", "monitor_phone"."phone_no", "monitor_phone"."networkId", "monitor_phone"."avg_downloadBandwidth", "monitor_phone"."avg_uploadBandwidth", "monitor_phone"."status", "monitor_phone"."total_count", "monitor_phone"."last_updated", "monitor_phone"."active" FROM "monitor_phone"; args=(); alias=default
DL/1044700193/20.3/0.0/4
UL/1038130001/0.0/20.3/1
/opt/homebrew/Caskroom/miniforge/base/envs/smart/lib/python3.8/site-packages/telegram/ext/conversationhandler.py:287: UserWarning: If 'per_message=False', 'CallbackQueryHandler' will not be tracked for every message.
  warnings.warn(
(0.001) SELECT "monitor_phone"."id", "monitor_phone"."phoneGroup_id", "monitor_phone"."phone_type", "monitor_phone"."phone_no", "monitor_phone"."networkId", "monitor_phone"."avg_downloadBandwidth", "monitor_phone"."avg_uploadBandwidth", "monitor_phone"."status", "monitor_phone"."total_count", "monitor_phone"."last_updated", "monitor_phone"."active" FROM "monitor_phone"; args=(); alias=default
DL/1044700193/20.3/0.0/4
UL/1038130001/0.0/20.3/1
/opt/homebrew/Caskroom/miniforge/base/envs/smart/lib/python3.8/site-packages/telegram/ext/conversationhandler.py:287: UserWarning: If 'per_message=False', 'CallbackQueryHandler' will not be tracked for every message.
  warnings.warn(
(0.001) SELECT "monitor_phone"."id", "monitor_phone"."phoneGroup_id", "monitor_phone"."phone_type", "monitor_phone"."phone_no", "monitor_phone"."networkId", "monitor_phone"."avg_downloadBandwidth", "monitor_phone"."avg_uploadBandwidth", "monitor_phone"."status", "monitor_phone"."total_count", "monitor_phone"."last_updated", "monitor_phone"."active" FROM "monitor_phone"; args=(); alias=default
DL/1044700193/20.3/0.0/4
UL/1038130001/0.0/20.3/1
/opt/homebrew/Caskroom/miniforge/base/envs/smart/lib/python3.8/site-packages/telegram/ext/conversationhandler.py:287: UserWarning: If 'per_message=False', 'CallbackQueryHandler' will not be tracked for every message.
  warnings.warn(
(0.001) SELECT "monitor_phone"."id", "monitor_phone"."phoneGroup_id", "monitor_phone"."phone_type", "monitor_phone"."phone_no", "monitor_phone"."networkId", "monitor_phone"."avg_downloadBandwidth", "monitor_phone"."avg_uploadBandwidth", "monitor_phone"."status", "monitor_phone"."total_count", "monitor_phone"."last_updated", "monitor_phone"."active" FROM "monitor_phone"; args=(); alias=default
DL/1044700193/20.3/0.0/4
UL/1038130001/0.0/20.3/1
/opt/homebrew/Caskroom/miniforge/base/envs/smart/lib/python3.8/site-packages/telegram/ext/conversationhandler.py:287: UserWarning: If 'per_message=False', 'CallbackQueryHandler' will not be tracked for every message.
  warnings.warn(
(0.001) SELECT "monitor_phone"."id", "monitor_phone"."phoneGroup_id", "monitor_phone"."phone_type", "monitor_phone"."phone_no", "monitor_phone"."networkId", "monitor_phone"."avg_downloadBandwidth", "monitor_phone"."avg_uploadBandwidth", "monitor_phone"."status", "monitor_phone"."total_count", "monitor_phone"."last_updated", "monitor_phone"."active" FROM "monitor_phone"; args=(); alias=default
DL/1044700193/20.3/0.0/4
UL/1038130001/0.0/20.3/1
/opt/homebrew/Caskroom/miniforge/base/envs/smart/lib/python3.8/site-packages/telegram/ext/conversationhandler.py:287: UserWarning: If 'per_message=False', 'CallbackQueryHandler' will not be tracked for every message.
  warnings.warn(
(0.001) SELECT "monitor_phone"."id", "monitor_phone"."phoneGroup_id", "monitor_phone"."phone_type", "monitor_phone"."phone_no", "monitor_phone"."networkId", "monitor_phone"."avg_downloadBandwidth", "monitor_phone"."avg_uploadBandwidth", "monitor_phone"."status", "monitor_phone"."total_count", "monitor_phone"."last_updated", "monitor_phone"."active" FROM "monitor_phone"; args=(); alias=default
DL/1044700193/20.3/0.0/4
UL/1038130001/0.0/20.3/1
/opt/homebrew/Caskroom/miniforge/base/envs/smart/lib/python3.8/site-packages/telegram/ext/conversationhandler.py:287: UserWarning: If 'per_message=False', 'CallbackQueryHandler' will not be tracked for every message.
  warnings.warn(
(0.001) SELECT "monitor_phone"."id", "monitor_phone"."phoneGroup_id", "monitor_phone"."phone_type", "monitor_phone"."phone_no", "monitor_phone"."networkId", "monitor_phone"."avg_downloadBandwidth", "monitor_phone"."avg_uploadBandwidth", "monitor_phone"."status", "monitor_phone"."total_count", "monitor_phone"."last_updated", "monitor_phone"."active" FROM "monitor_phone"; args=(); alias=default
DL/1044700193/20.3/0.0/4
UL/1038130001/0.0/20.3/1
/opt/homebrew/Caskroom/miniforge/base/envs/smart/lib/python3.8/site-packages/telegram/ext/conversationhandler.py:287: UserWarning: If 'per_message=False', 'CallbackQueryHandler' will not be tracked for every message.
  warnings.warn(
(0.001) SELECT "monitor_phone"."id", "monitor_phone"."phoneGroup_id", "monitor_phone"."phone_type", "monitor_phone"."phone_no", "monitor_phone"."networkId", "monitor_phone"."avg_downloadBandwidth", "monitor_phone"."avg_uploadBandwidth", "monitor_phone"."status", "monitor_phone"."total_count", "monitor_phone"."last_updated", "monitor_phone"."active" FROM "monitor_phone"; args=(); alias=default
DL/1044700193/20.3/0.0/4
UL/1038130001/0.0/20.3/1
/opt/homebrew/Caskroom/miniforge/base/envs/smart/lib/python3.8/site-packages/telegram/ext/conversationhandler.py:287: UserWarning: If 'per_message=False', 'CallbackQueryHandler' will not be tracked for every message.
  warnings.warn(
(0.001) SELECT "monitor_phone"."id", "monitor_phone"."phoneGroup_id", "monitor_phone"."phone_type", "monitor_phone"."phone_no", "monitor_phone"."networkId", "monitor_phone"."avg_downloadBandwidth", "monitor_phone"."avg_uploadBandwidth", "monitor_phone"."status", "monitor_phone"."total_count", "monitor_phone"."last_updated", "monitor_phone"."active" FROM "monitor_phone"; args=(); alias=default
DL/1044700193/20.3/0.0/4
UL/1038130001/0.0/20.3/1
/opt/homebrew/Caskroom/miniforge/base/envs/smart/lib/python3.8/site-packages/telegram/ext/conversationhandler.py:287: UserWarning: If 'per_message=False', 'CallbackQueryHandler' will not be tracked for every message.
  warnings.warn(
(0.001) SELECT "monitor_phone"."id", "monitor_phone"."phoneGroup_id", "monitor_phone"."phone_type", "monitor_phone"."phone_no", "monitor_phone"."networkId", "monitor_phone"."avg_downloadBandwidth", "monitor_phone"."avg_uploadBandwidth", "monitor_phone"."status", "monitor_phone"."total_count", "monitor_phone"."last_updated", "monitor_phone"."active" FROM "monitor_phone"; args=(); alias=default
DL/1044700193/20.3/0.0/4
UL/1038130001/0.0/20.3/1
/opt/homebrew/Caskroom/miniforge/base/envs/smart/lib/python3.8/site-packages/telegram/ext/conversationhandler.py:287: UserWarning: If 'per_message=False', 'CallbackQueryHandler' will not be tracked for every message.
  warnings.warn(
(0.001) SELECT "monitor_phone"."id", "monitor_phone"."phoneGroup_id", "monitor_phone"."phone_type", "monitor_phone"."phone_no", "monitor_phone"."networkId", "monitor_phone"."avg_downloadBandwidth", "monitor_phone"."avg_uploadBandwidth", "monitor_phone"."status", "monitor_phone"."total_count", "monitor_phone"."last_updated", "monitor_phone"."active" FROM "monitor_phone"; args=(); alias=default
DL/1044700193/20.3/0.0/4
UL/1038130001/0.0/20.3/1
/opt/homebrew/Caskroom/miniforge/base/envs/smart/lib/python3.8/site-packages/telegram/ext/conversationhandler.py:287: UserWarning: If 'per_message=False', 'CallbackQueryHandler' will not be tracked for every message.
  warnings.warn(
(0.001) SELECT "monitor_phone"."id", "monitor_phone"."phoneGroup_id", "monitor_phone"."phone_type", "monitor_phone"."phone_no", "monitor_phone"."networkId", "monitor_phone"."avg_downloadBandwidth", "monitor_phone"."avg_uploadBandwidth", "monitor_phone"."status", "monitor_phone"."total_count", "monitor_phone"."last_updated", "monitor_phone"."active" FROM "monitor_phone"; args=(); alias=default
DL/1044700193/20.3/0.0/4
UL/1038130001/0.0/20.3/1
/opt/homebrew/Caskroom/miniforge/base/envs/smart/lib/python3.8/site-packages/telegram/ext/conversationhandler.py:287: UserWarning: If 'per_message=False', 'CallbackQueryHandler' will not be tracked for every message.
  warnings.warn(
(0.001) SELECT "monitor_phone"."id", "monitor_phone"."phoneGroup_id", "monitor_phone"."phone_type", "monitor_phone"."phone_no", "monitor_phone"."networkId", "monitor_phone"."avg_downloadBandwidth", "monitor_phone"."avg_uploadBandwidth", "monitor_phone"."status", "monitor_phone"."total_count", "monitor_phone"."last_updated", "monitor_phone"."active" FROM "monitor_phone"; args=(); alias=default
DL/1044700193/20.3/0.0/4
UL/1038130001/0.0/20.3/1
/opt/homebrew/Caskroom/miniforge/base/envs/smart/lib/python3.8/site-packages/telegram/ext/conversationhandler.py:287: UserWarning: If 'per_message=False', 'CallbackQueryHandler' will not be tracked for every message.
  warnings.warn(
(0.001) SELECT "monitor_phone"."id", "monitor_phone"."phoneGroup_id", "monitor_phone"."phone_type", "monitor_phone"."phone_no", "monitor_phone"."networkId", "monitor_phone"."avg_downloadBandwidth", "monitor_phone"."avg_uploadBandwidth", "monitor_phone"."status", "monitor_phone"."total_count", "monitor_phone"."last_updated", "monitor_phone"."active" FROM "monitor_phone"; args=(); alias=default
DL/1044700193/20.3/0.0/4
UL/1038130001/0.0/20.3/1
/opt/homebrew/Caskroom/miniforge/base/envs/smart/lib/python3.8/site-packages/telegram/ext/conversationhandler.py:287: UserWarning: If 'per_message=False', 'CallbackQueryHandler' will not be tracked for every message.
  warnings.warn(
(0.001) SELECT "monitor_phone"."id", "monitor_phone"."phoneGroup_id", "monitor_phone"."phone_type", "monitor_phone"."phone_no", "monitor_phone"."networkId", "monitor_phone"."avg_downloadBandwidth", "monitor_phone"."avg_uploadBandwidth", "monitor_phone"."status", "monitor_phone"."total_count", "monitor_phone"."last_updated", "monitor_phone"."active" FROM "monitor_phone"; args=(); alias=default
DL/1044700193/20.3/0.0/4
UL/1038130001/0.0/20.3/1
/opt/homebrew/Caskroom/miniforge/base/envs/smart/lib/python3.8/site-packages/telegram/ext/conversationhandler.py:287: UserWarning: If 'per_message=False', 'CallbackQueryHandler' will not be tracked for every message.
  warnings.warn(
(0.001) SELECT "monitor_phone"."id", "monitor_phone"."phoneGroup_id", "monitor_phone"."phone_type", "monitor_phone"."phone_no", "monitor_phone"."networkId", "monitor_phone"."avg_downloadBandwidth", "monitor_phone"."avg_uploadBandwidth", "monitor_phone"."status", "monitor_phone"."total_count", "monitor_phone"."last_updated", "monitor_phone"."active" FROM "monitor_phone"; args=(); alias=default
DL/1044700193/20.3/0.0/4
UL/1038130001/0.0/20.3/1
/opt/homebrew/Caskroom/miniforge/base/envs/smart/lib/python3.8/site-packages/telegram/ext/conversationhandler.py:287: UserWarning: If 'per_message=False', 'CallbackQueryHandler' will not be tracked for every message.
  warnings.warn(
(0.001) SELECT "monitor_phone"."id", "monitor_phone"."phoneGroup_id", "monitor_phone"."phone_type", "monitor_phone"."phone_no", "monitor_phone"."networkId", "monitor_phone"."avg_downloadBandwidth", "monitor_phone"."avg_uploadBandwidth", "monitor_phone"."status", "monitor_phone"."total_count", "monitor_phone"."last_updated", "monitor_phone"."active" FROM "monitor_phone"; args=(); alias=default
DL/1044700193/20.3/0.0/4
UL/1038130001/0.0/20.3/1
/opt/homebrew/Caskroom/miniforge/base/envs/smart/lib/python3.8/site-packages/telegram/ext/conversationhandler.py:287: UserWarning: If 'per_message=False', 'CallbackQueryHandler' will not be tracked for every message.
  warnings.warn(
(0.001) SELECT "monitor_phone"."id", "monitor_phone"."phoneGroup_id", "monitor_phone"."phone_type", "monitor_phone"."phone_no", "monitor_phone"."networkId", "monitor_phone"."avg_downloadBandwidth", "monitor_phone"."avg_uploadBandwidth", "monitor_phone"."status", "monitor_phone"."total_count", "monitor_phone"."last_updated", "monitor_phone"."active" FROM "monitor_phone"; args=(); alias=default
DL/1044700193/20.3/0.0/4
UL/1038130001/0.0/20.3/1
/opt/homebrew/Caskroom/miniforge/base/envs/smart/lib/python3.8/site-packages/telegram/ext/conversationhandler.py:287: UserWarning: If 'per_message=False', 'CallbackQueryHandler' will not be tracked for every message.
  warnings.warn(
(0.001) SELECT "monitor_phone"."id", "monitor_phone"."phoneGroup_id", "monitor_phone"."phone_type", "monitor_phone"."phone_no", "monitor_phone"."networkId", "monitor_phone"."avg_downloadBandwidth", "monitor_phone"."avg_uploadBandwidth", "monitor_phone"."status", "monitor_phone"."total_count", "monitor_phone"."last_updated", "monitor_phone"."active" FROM "monitor_phone"; args=(); alias=default
DL/1044700193/20.3/0.0/4
UL/1038130001/0.0/20.3/1
/opt/homebrew/Caskroom/miniforge/base/envs/smart/lib/python3.8/site-packages/telegram/ext/conversationhandler.py:287: UserWarning: If 'per_message=False', 'CallbackQueryHandler' will not be tracked for every message.
  warnings.warn(
(0.001) SELECT "monitor_phone"."id", "monitor_phone"."phoneGroup_id", "monitor_phone"."phone_type", "monitor_phone"."phone_no", "monitor_phone"."networkId", "monitor_phone"."avg_downloadBandwidth", "monitor_phone"."avg_uploadBandwidth", "monitor_phone"."status", "monitor_phone"."total_count", "monitor_phone"."last_updated", "monitor_phone"."active" FROM "monitor_phone"; args=(); alias=default
DL/1044700193/20.3/0.0/4
UL/1038130001/0.0/20.3/1
/opt/homebrew/Caskroom/miniforge/base/envs/smart/lib/python3.8/site-packages/telegram/ext/conversationhandler.py:287: UserWarning: If 'per_message=False', 'CallbackQueryHandler' will not be tracked for every message.
  warnings.warn(
(0.001) SELECT "monitor_phone"."id", "monitor_phone"."phoneGroup_id", "monitor_phone"."phone_type", "monitor_phone"."phone_no", "monitor_phone"."networkId", "monitor_phone"."avg_downloadBandwidth", "monitor_phone"."avg_uploadBandwidth", "monitor_phone"."status", "monitor_phone"."total_count", "monitor_phone"."last_updated", "monitor_phone"."active" FROM "monitor_phone"; args=(); alias=default
DL/1044700193/20.3/0.0/4
UL/1038130001/0.0/20.3/1
/opt/homebrew/Caskroom/miniforge/base/envs/smart/lib/python3.8/site-packages/telegram/ext/conversationhandler.py:287: UserWarning: If 'per_message=False', 'CallbackQueryHandler' will not be tracked for every message.
  warnings.warn(
(0.001) SELECT "monitor_phone"."id", "monitor_phone"."phoneGroup_id", "monitor_phone"."phone_type", "monitor_phone"."phone_no", "monitor_phone"."networkId", "monitor_phone"."avg_downloadBandwidth", "monitor_phone"."avg_uploadBandwidth", "monitor_phone"."status", "monitor_phone"."total_count", "monitor_phone"."last_updated", "monitor_phone"."active" FROM "monitor_phone"; args=(); alias=default
DL/1044700193/20.3/0.0/4
UL/1038130001/0.0/20.3/1
/opt/homebrew/Caskroom/miniforge/base/envs/smart/lib/python3.8/site-packages/telegram/ext/conversationhandler.py:287: UserWarning: If 'per_message=False', 'CallbackQueryHandler' will not be tracked for every message.
  warnings.warn(
(0.001) SELECT "monitor_phone"."id", "monitor_phone"."phoneGroup_id", "monitor_phone"."phone_type", "monitor_phone"."phone_no", "monitor_phone"."networkId", "monitor_phone"."avg_downloadBandwidth", "monitor_phone"."avg_uploadBandwidth", "monitor_phone"."status", "monitor_phone"."total_count", "monitor_phone"."last_updated", "monitor_phone"."active" FROM "monitor_phone"; args=(); alias=default
DL/1044700193/20.3/0.0/4
UL/1038130001/0.0/20.3/1
/opt/homebrew/Caskroom/miniforge/base/envs/smart/lib/python3.8/site-packages/telegram/ext/conversationhandler.py:287: UserWarning: If 'per_message=False', 'CallbackQueryHandler' will not be tracked for every message.
  warnings.warn(
(0.001) SELECT "monitor_phone"."id", "monitor_phone"."phoneGroup_id", "monitor_phone"."phone_type", "monitor_phone"."phone_no", "monitor_phone"."networkId", "monitor_phone"."avg_downloadBandwidth", "monitor_phone"."avg_uploadBandwidth", "monitor_phone"."status", "monitor_phone"."total_count", "monitor_phone"."last_updated", "monitor_phone"."active" FROM "monitor_phone"; args=(); alias=default
DL/1044700193/20.3/0.0/4
UL/1038130001/0.0/20.3/1
/opt/homebrew/Caskroom/miniforge/base/envs/smart/lib/python3.8/site-packages/telegram/ext/conversationhandler.py:287: UserWarning: If 'per_message=False', 'CallbackQueryHandler' will not be tracked for every message.
  warnings.warn(
(0.001) SELECT "monitor_phone"."id", "monitor_phone"."phoneGroup_id", "monitor_phone"."phone_type", "monitor_phone"."phone_no", "monitor_phone"."networkId", "monitor_phone"."avg_downloadBandwidth", "monitor_phone"."avg_uploadBandwidth", "monitor_phone"."status", "monitor_phone"."total_count", "monitor_phone"."last_updated", "monitor_phone"."active" FROM "monitor_phone"; args=(); alias=default
DL/1044700193/20.3/0.0/4
UL/1038130001/0.0/20.3/1
/opt/homebrew/Caskroom/miniforge/base/envs/smart/lib/python3.8/site-packages/telegram/ext/conversationhandler.py:287: UserWarning: If 'per_message=False', 'CallbackQueryHandler' will not be tracked for every message.
  warnings.warn(
(0.001) SELECT "monitor_phone"."id", "monitor_phone"."phoneGroup_id", "monitor_phone"."phone_type", "monitor_phone"."phone_no", "monitor_phone"."networkId", "monitor_phone"."avg_downloadBandwidth", "monitor_phone"."avg_uploadBandwidth", "monitor_phone"."status", "monitor_phone"."total_count", "monitor_phone"."last_updated", "monitor_phone"."active" FROM "monitor_phone"; args=(); alias=default
DL/1044700193/20.3/0.0/4
UL/1038130001/0.0/20.3/1
/opt/homebrew/Caskroom/miniforge/base/envs/smart/lib/python3.8/site-packages/telegram/ext/conversationhandler.py:287: UserWarning: If 'per_message=False', 'CallbackQueryHandler' will not be tracked for every message.
  warnings.warn(
(0.001) SELECT "monitor_phone"."id", "monitor_phone"."phoneGroup_id", "monitor_phone"."phone_type", "monitor_phone"."phone_no", "monitor_phone"."networkId", "monitor_phone"."avg_downloadBandwidth", "monitor_phone"."avg_uploadBandwidth", "monitor_phone"."status", "monitor_phone"."total_count", "monitor_phone"."last_updated", "monitor_phone"."active" FROM "monitor_phone"; args=(); alias=default
DL/1044700193/20.3/0.0/4
UL/1038130001/0.0/20.3/1
/opt/homebrew/Caskroom/miniforge/base/envs/smart/lib/python3.8/site-packages/telegram/ext/conversationhandler.py:287: UserWarning: If 'per_message=False', 'CallbackQueryHandler' will not be tracked for every message.
  warnings.warn(
(0.001) SELECT "monitor_phone"."id", "monitor_phone"."phoneGroup_id", "monitor_phone"."phone_type", "monitor_phone"."phone_no", "monitor_phone"."networkId", "monitor_phone"."avg_downloadBandwidth", "monitor_phone"."avg_uploadBandwidth", "monitor_phone"."status", "monitor_phone"."total_count", "monitor_phone"."last_updated", "monitor_phone"."active" FROM "monitor_phone"; args=(); alias=default
DL/1044700193/20.3/0.0/4
UL/1038130001/0.0/20.3/1
/opt/homebrew/Caskroom/miniforge/base/envs/smart/lib/python3.8/site-packages/telegram/ext/conversationhandler.py:287: UserWarning: If 'per_message=False', 'CallbackQueryHandler' will not be tracked for every message.
  warnings.warn(
(0.001) SELECT "monitor_phone"."id", "monitor_phone"."phoneGroup_id", "monitor_phone"."phone_type", "monitor_phone"."phone_no", "monitor_phone"."networkId", "monitor_phone"."avg_downloadBandwidth", "monitor_phone"."avg_uploadBandwidth", "monitor_phone"."status", "monitor_phone"."total_count", "monitor_phone"."last_updated", "monitor_phone"."active" FROM "monitor_phone"; args=(); alias=default
DL/1044700193/20.3/0.0/4
UL/1038130001/0.0/20.3/1
/opt/homebrew/Caskroom/miniforge/base/envs/smart/lib/python3.8/site-packages/telegram/ext/conversationhandler.py:287: UserWarning: If 'per_message=False', 'CallbackQueryHandler' will not be tracked for every message.
  warnings.warn(
(0.001) SELECT "monitor_phone"."id", "monitor_phone"."phoneGroup_id", "monitor_phone"."phone_type", "monitor_phone"."phone_no", "monitor_phone"."networkId", "monitor_phone"."avg_downloadBandwidth", "monitor_phone"."avg_uploadBandwidth", "monitor_phone"."status", "monitor_phone"."total_count", "monitor_phone"."last_updated", "monitor_phone"."active" FROM "monitor_phone"; args=(); alias=default
DL/1044700193/20.3/0.0/4
UL/1038130001/0.0/20.3/1
/opt/homebrew/Caskroom/miniforge/base/envs/smart/lib/python3.8/site-packages/telegram/ext/conversationhandler.py:287: UserWarning: If 'per_message=False', 'CallbackQueryHandler' will not be tracked for every message.
  warnings.warn(
(0.001) SELECT "monitor_phone"."id", "monitor_phone"."phoneGroup_id", "monitor_phone"."phone_type", "monitor_phone"."phone_no", "monitor_phone"."networkId", "monitor_phone"."avg_downloadBandwidth", "monitor_phone"."avg_uploadBandwidth", "monitor_phone"."status", "monitor_phone"."total_count", "monitor_phone"."last_updated", "monitor_phone"."active" FROM "monitor_phone"; args=(); alias=default
DL/1044700193/20.3/0.0/4
UL/1038130001/0.0/20.3/1
/opt/homebrew/Caskroom/miniforge/base/envs/smart/lib/python3.8/site-packages/telegram/ext/conversationhandler.py:287: UserWarning: If 'per_message=False', 'CallbackQueryHandler' will not be tracked for every message.
  warnings.warn(
(0.001) SELECT "monitor_phone"."id", "monitor_phone"."phoneGroup_id", "monitor_phone"."phone_type", "monitor_phone"."phone_no", "monitor_phone"."networkId", "monitor_phone"."avg_downloadBandwidth", "monitor_phone"."avg_uploadBandwidth", "monitor_phone"."status", "monitor_phone"."total_count", "monitor_phone"."last_updated", "monitor_phone"."active" FROM "monitor_phone"; args=(); alias=default
DL/1044700193/20.3/0.0/4
UL/1038130001/0.0/20.3/1
/opt/homebrew/Caskroom/miniforge/base/envs/smart/lib/python3.8/site-packages/telegram/ext/conversationhandler.py:287: UserWarning: If 'per_message=False', 'CallbackQueryHandler' will not be tracked for every message.
  warnings.warn(
(0.001) SELECT "monitor_phone"."id", "monitor_phone"."phoneGroup_id", "monitor_phone"."phone_type", "monitor_phone"."phone_no", "monitor_phone"."networkId", "monitor_phone"."avg_downloadBandwidth", "monitor_phone"."avg_uploadBandwidth", "monitor_phone"."status", "monitor_phone"."total_count", "monitor_phone"."last_updated", "monitor_phone"."active" FROM "monitor_phone"; args=(); alias=default
DL/1044700193/20.3/0.0/4
UL/1038130001/0.0/20.3/1
/opt/homebrew/Caskroom/miniforge/base/envs/smart/lib/python3.8/site-packages/telegram/ext/conversationhandler.py:287: UserWarning: If 'per_message=False', 'CallbackQueryHandler' will not be tracked for every message.
  warnings.warn(
(0.001) SELECT "monitor_phone"."id", "monitor_phone"."phoneGroup_id", "monitor_phone"."phone_type", "monitor_phone"."phone_no", "monitor_phone"."networkId", "monitor_phone"."avg_downloadBandwidth", "monitor_phone"."avg_uploadBandwidth", "monitor_phone"."status", "monitor_phone"."total_count", "monitor_phone"."last_updated", "monitor_phone"."active" FROM "monitor_phone"; args=(); alias=default
DL/1044700193/20.3/0.0/4
UL/1038130001/0.0/20.3/1
/opt/homebrew/Caskroom/miniforge/base/envs/smart/lib/python3.8/site-packages/telegram/ext/conversationhandler.py:287: UserWarning: If 'per_message=False', 'CallbackQueryHandler' will not be tracked for every message.
  warnings.warn(
(0.001) SELECT "monitor_phone"."id", "monitor_phone"."phoneGroup_id", "monitor_phone"."phone_type", "monitor_phone"."phone_no", "monitor_phone"."networkId", "monitor_phone"."avg_downloadBandwidth", "monitor_phone"."avg_uploadBandwidth", "monitor_phone"."status", "monitor_phone"."total_count", "monitor_phone"."last_updated", "monitor_phone"."active" FROM "monitor_phone"; args=(); alias=default
DL/1044700193/20.3/0.0/4
UL/1038130001/0.0/20.3/1
/opt/homebrew/Caskroom/miniforge/base/envs/smart/lib/python3.8/site-packages/telegram/ext/conversationhandler.py:287: UserWarning: If 'per_message=False', 'CallbackQueryHandler' will not be tracked for every message.
  warnings.warn(
(0.001) SELECT "monitor_phone"."id", "monitor_phone"."phoneGroup_id", "monitor_phone"."phone_type", "monitor_phone"."phone_no", "monitor_phone"."networkId", "monitor_phone"."avg_downloadBandwidth", "monitor_phone"."avg_uploadBandwidth", "monitor_phone"."status", "monitor_phone"."total_count", "monitor_phone"."last_updated", "monitor_phone"."active" FROM "monitor_phone"; args=(); alias=default
DL/1044700193/20.3/0.0/4
UL/1038130001/0.0/20.3/1
/opt/homebrew/Caskroom/miniforge/base/envs/smart/lib/python3.8/site-packages/telegram/ext/conversationhandler.py:287: UserWarning: If 'per_message=False', 'CallbackQueryHandler' will not be tracked for every message.
  warnings.warn(
(0.001) SELECT "monitor_phone"."id", "monitor_phone"."phoneGroup_id", "monitor_phone"."phone_type", "monitor_phone"."phone_no", "monitor_phone"."networkId", "monitor_phone"."avg_downloadBandwidth", "monitor_phone"."avg_uploadBandwidth", "monitor_phone"."status", "monitor_phone"."total_count", "monitor_phone"."last_updated", "monitor_phone"."active" FROM "monitor_phone"; args=(); alias=default
DL/1044700193/20.3/0.0/4
UL/1038130001/0.0/20.3/1
/opt/homebrew/Caskroom/miniforge/base/envs/smart/lib/python3.8/site-packages/telegram/ext/conversationhandler.py:287: UserWarning: If 'per_message=False', 'CallbackQueryHandler' will not be tracked for every message.
  warnings.warn(
(0.001) SELECT "monitor_phone"."id", "monitor_phone"."phoneGroup_id", "monitor_phone"."phone_type", "monitor_phone"."phone_no", "monitor_phone"."networkId", "monitor_phone"."avg_downloadBandwidth", "monitor_phone"."avg_uploadBandwidth", "monitor_phone"."status", "monitor_phone"."total_count", "monitor_phone"."last_updated", "monitor_phone"."active" FROM "monitor_phone"; args=(); alias=default
DL/1044700193/20.3/0.0/4
UL/1038130001/0.0/20.3/1
/opt/homebrew/Caskroom/miniforge/base/envs/smart/lib/python3.8/site-packages/telegram/ext/conversationhandler.py:287: UserWarning: If 'per_message=False', 'CallbackQueryHandler' will not be tracked for every message.
  warnings.warn(
(0.001) SELECT "monitor_phone"."id", "monitor_phone"."phoneGroup_id", "monitor_phone"."phone_type", "monitor_phone"."phone_no", "monitor_phone"."networkId", "monitor_phone"."avg_downloadBandwidth", "monitor_phone"."avg_uploadBandwidth", "monitor_phone"."status", "monitor_phone"."total_count", "monitor_phone"."last_updated", "monitor_phone"."active" FROM "monitor_phone"; args=(); alias=default
DL/1044700193/20.3/0.0/4
UL/1038130001/0.0/20.3/1
/opt/homebrew/Caskroom/miniforge/base/envs/smart/lib/python3.8/site-packages/telegram/ext/conversationhandler.py:287: UserWarning: If 'per_message=False', 'CallbackQueryHandler' will not be tracked for every message.
  warnings.warn(
(0.001) SELECT "monitor_phone"."id", "monitor_phone"."phoneGroup_id", "monitor_phone"."phone_type", "monitor_phone"."phone_no", "monitor_phone"."networkId", "monitor_phone"."avg_downloadBandwidth", "monitor_phone"."avg_uploadBandwidth", "monitor_phone"."status", "monitor_phone"."total_count", "monitor_phone"."last_updated", "monitor_phone"."active" FROM "monitor_phone"; args=(); alias=default
DL/1044700193/20.3/0.0/4
UL/1038130001/0.0/20.3/1
/opt/homebrew/Caskroom/miniforge/base/envs/smart/lib/python3.8/site-packages/telegram/ext/conversationhandler.py:287: UserWarning: If 'per_message=False', 'CallbackQueryHandler' will not be tracked for every message.
  warnings.warn(
(0.001) SELECT "monitor_phone"."id", "monitor_phone"."phoneGroup_id", "monitor_phone"."phone_type", "monitor_phone"."phone_no", "monitor_phone"."networkId", "monitor_phone"."avg_downloadBandwidth", "monitor_phone"."avg_uploadBandwidth", "monitor_phone"."status", "monitor_phone"."total_count", "monitor_phone"."last_updated", "monitor_phone"."active" FROM "monitor_phone"; args=(); alias=default
DL/1044700193/20.3/0.0/4
UL/1038130001/0.0/20.3/1
/opt/homebrew/Caskroom/miniforge/base/envs/smart/lib/python3.8/site-packages/telegram/ext/conversationhandler.py:287: UserWarning: If 'per_message=False', 'CallbackQueryHandler' will not be tracked for every message.
  warnings.warn(
(0.001) SELECT "monitor_phone"."id", "monitor_phone"."phoneGroup_id", "monitor_phone"."phone_type", "monitor_phone"."phone_no", "monitor_phone"."networkId", "monitor_phone"."avg_downloadBandwidth", "monitor_phone"."avg_uploadBandwidth", "monitor_phone"."status", "monitor_phone"."total_count", "monitor_phone"."last_updated", "monitor_phone"."active" FROM "monitor_phone"; args=(); alias=default
DL/1044700193/20.3/0.0/4
UL/1038130001/0.0/20.3/1
/opt/homebrew/Caskroom/miniforge/base/envs/smart/lib/python3.8/site-packages/telegram/ext/conversationhandler.py:287: UserWarning: If 'per_message=False', 'CallbackQueryHandler' will not be tracked for every message.
  warnings.warn(
(0.001) SELECT "monitor_phone"."id", "monitor_phone"."phoneGroup_id", "monitor_phone"."phone_type", "monitor_phone"."phone_no", "monitor_phone"."networkId", "monitor_phone"."avg_downloadBandwidth", "monitor_phone"."avg_uploadBandwidth", "monitor_phone"."status", "monitor_phone"."total_count", "monitor_phone"."last_updated", "monitor_phone"."active" FROM "monitor_phone"; args=(); alias=default
DL/1044700193/20.3/0.0/4
UL/1038130001/0.0/20.3/1
/opt/homebrew/Caskroom/miniforge/base/envs/smart/lib/python3.8/site-packages/telegram/ext/conversationhandler.py:287: UserWarning: If 'per_message=False', 'CallbackQueryHandler' will not be tracked for every message.
  warnings.warn(
(0.001) SELECT "monitor_phone"."id", "monitor_phone"."phoneGroup_id", "monitor_phone"."phone_type", "monitor_phone"."phone_no", "monitor_phone"."networkId", "monitor_phone"."avg_downloadBandwidth", "monitor_phone"."avg_uploadBandwidth", "monitor_phone"."status", "monitor_phone"."total_count", "monitor_phone"."last_updated", "monitor_phone"."active" FROM "monitor_phone"; args=(); alias=default
DL/1044700193/20.3/0.0/4
UL/1038130001/0.0/20.3/1
/opt/homebrew/Caskroom/miniforge/base/envs/smart/lib/python3.8/site-packages/telegram/ext/conversationhandler.py:287: UserWarning: If 'per_message=False', 'CallbackQueryHandler' will not be tracked for every message.
  warnings.warn(
(0.001) SELECT "monitor_phone"."id", "monitor_phone"."phoneGroup_id", "monitor_phone"."phone_type", "monitor_phone"."phone_no", "monitor_phone"."networkId", "monitor_phone"."avg_downloadBandwidth", "monitor_phone"."avg_uploadBandwidth", "monitor_phone"."status", "monitor_phone"."total_count", "monitor_phone"."last_updated", "monitor_phone"."active" FROM "monitor_phone"; args=(); alias=default
DL/1044700193/20.3/0.0/4
UL/1038130001/0.0/20.3/1
/opt/homebrew/Caskroom/miniforge/base/envs/smart/lib/python3.8/site-packages/telegram/ext/conversationhandler.py:287: UserWarning: If 'per_message=False', 'CallbackQueryHandler' will not be tracked for every message.
  warnings.warn(
(0.001) SELECT "monitor_phone"."id", "monitor_phone"."phoneGroup_id", "monitor_phone"."phone_type", "monitor_phone"."phone_no", "monitor_phone"."networkId", "monitor_phone"."avg_downloadBandwidth", "monitor_phone"."avg_uploadBandwidth", "monitor_phone"."status", "monitor_phone"."total_count", "monitor_phone"."last_updated", "monitor_phone"."active" FROM "monitor_phone"; args=(); alias=default
DL/1044700193/20.3/0.0/4
UL/1038130001/0.0/20.3/1
/opt/homebrew/Caskroom/miniforge/base/envs/smart/lib/python3.8/site-packages/telegram/ext/conversationhandler.py:287: UserWarning: If 'per_message=False', 'CallbackQueryHandler' will not be tracked for every message.
  warnings.warn(
(0.001) SELECT "monitor_phone"."id", "monitor_phone"."phoneGroup_id", "monitor_phone"."phone_type", "monitor_phone"."phone_no", "monitor_phone"."networkId", "monitor_phone"."avg_downloadBandwidth", "monitor_phone"."avg_uploadBandwidth", "monitor_phone"."status", "monitor_phone"."total_count", "monitor_phone"."last_updated", "monitor_phone"."active" FROM "monitor_phone"; args=(); alias=default
DL/1044700193/20.3/0.0/4
UL/1038130001/0.0/20.3/1
/opt/homebrew/Caskroom/miniforge/base/envs/smart/lib/python3.8/site-packages/telegram/ext/conversationhandler.py:287: UserWarning: If 'per_message=False', 'CallbackQueryHandler' will not be tracked for every message.
  warnings.warn(
(0.001) SELECT "monitor_phone"."id", "monitor_phone"."phoneGroup_id", "monitor_phone"."phone_type", "monitor_phone"."phone_no", "monitor_phone"."networkId", "monitor_phone"."avg_downloadBandwidth", "monitor_phone"."avg_uploadBandwidth", "monitor_phone"."status", "monitor_phone"."total_count", "monitor_phone"."last_updated", "monitor_phone"."active" FROM "monitor_phone"; args=(); alias=default
DL/1044700193/20.3/0.0/4
UL/1038130001/0.0/20.3/1
/opt/homebrew/Caskroom/miniforge/base/envs/smart/lib/python3.8/site-packages/telegram/ext/conversationhandler.py:287: UserWarning: If 'per_message=False', 'CallbackQueryHandler' will not be tracked for every message.
  warnings.warn(
(0.001) SELECT "monitor_phone"."id", "monitor_phone"."phoneGroup_id", "monitor_phone"."phone_type", "monitor_phone"."phone_no", "monitor_phone"."networkId", "monitor_phone"."avg_downloadBandwidth", "monitor_phone"."avg_uploadBandwidth", "monitor_phone"."status", "monitor_phone"."total_count", "monitor_phone"."last_updated", "monitor_phone"."active" FROM "monitor_phone"; args=(); alias=default
DL/1044700193/20.3/0.0/4
UL/1038130001/0.0/20.3/1
/opt/homebrew/Caskroom/miniforge/base/envs/smart/lib/python3.8/site-packages/telegram/ext/conversationhandler.py:287: UserWarning: If 'per_message=False', 'CallbackQueryHandler' will not be tracked for every message.
  warnings.warn(
(0.000) SELECT "monitor_phone"."id", "monitor_phone"."phoneGroup_id", "monitor_phone"."phone_type", "monitor_phone"."phone_no", "monitor_phone"."networkId", "monitor_phone"."avg_downloadBandwidth", "monitor_phone"."avg_uploadBandwidth", "monitor_phone"."status", "monitor_phone"."total_count", "monitor_phone"."last_updated", "monitor_phone"."active" FROM "monitor_phone"; args=(); alias=default
DL/1044700193/20.3/0.0/4
UL/1038130001/0.0/20.3/1
/opt/homebrew/Caskroom/miniforge/base/envs/smart/lib/python3.8/site-packages/telegram/ext/conversationhandler.py:287: UserWarning: If 'per_message=False', 'CallbackQueryHandler' will not be tracked for every message.
  warnings.warn(
(0.001) SELECT "monitor_phone"."id", "monitor_phone"."phoneGroup_id", "monitor_phone"."phone_type", "monitor_phone"."phone_no", "monitor_phone"."networkId", "monitor_phone"."avg_downloadBandwidth", "monitor_phone"."avg_uploadBandwidth", "monitor_phone"."status", "monitor_phone"."total_count", "monitor_phone"."last_updated", "monitor_phone"."active" FROM "monitor_phone"; args=(); alias=default
DL/1044700193/20.3/0.0/4
UL/1038130001/0.0/20.3/1
/opt/homebrew/Caskroom/miniforge/base/envs/smart/lib/python3.8/site-packages/telegram/ext/conversationhandler.py:287: UserWarning: If 'per_message=False', 'CallbackQueryHandler' will not be tracked for every message.
  warnings.warn(
(0.001) SELECT "monitor_phone"."id", "monitor_phone"."phoneGroup_id", "monitor_phone"."phone_type", "monitor_phone"."phone_no", "monitor_phone"."networkId", "monitor_phone"."avg_downloadBandwidth", "monitor_phone"."avg_uploadBandwidth", "monitor_phone"."status", "monitor_phone"."total_count", "monitor_phone"."last_updated", "monitor_phone"."active" FROM "monitor_phone"; args=(); alias=default
DL/1044700193/20.3/0.0/4
UL/1038130001/0.0/20.3/1
/opt/homebrew/Caskroom/miniforge/base/envs/smart/lib/python3.8/site-packages/telegram/ext/conversationhandler.py:287: UserWarning: If 'per_message=False', 'CallbackQueryHandler' will not be tracked for every message.
  warnings.warn(
(0.001) SELECT "monitor_phone"."id", "monitor_phone"."phoneGroup_id", "monitor_phone"."phone_type", "monitor_phone"."phone_no", "monitor_phone"."networkId", "monitor_phone"."avg_downloadBandwidth", "monitor_phone"."avg_uploadBandwidth", "monitor_phone"."status", "monitor_phone"."total_count", "monitor_phone"."last_updated", "monitor_phone"."active" FROM "monitor_phone"; args=(); alias=default
DL/1044700193/20.3/0.0/4
UL/1038130001/0.0/20.3/1
/opt/homebrew/Caskroom/miniforge/base/envs/smart/lib/python3.8/site-packages/telegram/ext/conversationhandler.py:287: UserWarning: If 'per_message=False', 'CallbackQueryHandler' will not be tracked for every message.
  warnings.warn(
(0.001) SELECT "monitor_phone"."id", "monitor_phone"."phoneGroup_id", "monitor_phone"."phone_type", "monitor_phone"."phone_no", "monitor_phone"."networkId", "monitor_phone"."avg_downloadBandwidth", "monitor_phone"."avg_uploadBandwidth", "monitor_phone"."status", "monitor_phone"."total_count", "monitor_phone"."last_updated", "monitor_phone"."active" FROM "monitor_phone"; args=(); alias=default
DL/1044700193/20.3/0.0/4
UL/1038130001/0.0/20.3/1
/opt/homebrew/Caskroom/miniforge/base/envs/smart/lib/python3.8/site-packages/telegram/ext/conversationhandler.py:287: UserWarning: If 'per_message=False', 'CallbackQueryHandler' will not be tracked for every message.
  warnings.warn(
(0.001) SELECT "monitor_phone"."id", "monitor_phone"."phoneGroup_id", "monitor_phone"."phone_type", "monitor_phone"."phone_no", "monitor_phone"."networkId", "monitor_phone"."avg_downloadBandwidth", "monitor_phone"."avg_uploadBandwidth", "monitor_phone"."status", "monitor_phone"."total_count", "monitor_phone"."last_updated", "monitor_phone"."active" FROM "monitor_phone"; args=(); alias=default
DL/1044700193/20.3/0.0/4
UL/1038130001/0.0/20.3/1
/opt/homebrew/Caskroom/miniforge/base/envs/smart/lib/python3.8/site-packages/telegram/ext/conversationhandler.py:287: UserWarning: If 'per_message=False', 'CallbackQueryHandler' will not be tracked for every message.
  warnings.warn(
(0.001) SELECT "monitor_phone"."id", "monitor_phone"."phoneGroup_id", "monitor_phone"."phone_type", "monitor_phone"."phone_no", "monitor_phone"."networkId", "monitor_phone"."avg_downloadBandwidth", "monitor_phone"."avg_uploadBandwidth", "monitor_phone"."status", "monitor_phone"."total_count", "monitor_phone"."last_updated", "monitor_phone"."active" FROM "monitor_phone"; args=(); alias=default
DL/1044700193/20.3/0.0/4
UL/1038130001/0.0/20.3/1
/opt/homebrew/Caskroom/miniforge/base/envs/smart/lib/python3.8/site-packages/telegram/ext/conversationhandler.py:287: UserWarning: If 'per_message=False', 'CallbackQueryHandler' will not be tracked for every message.
  warnings.warn(
(0.001) SELECT "monitor_phone"."id", "monitor_phone"."phoneGroup_id", "monitor_phone"."phone_type", "monitor_phone"."phone_no", "monitor_phone"."networkId", "monitor_phone"."avg_downloadBandwidth", "monitor_phone"."avg_uploadBandwidth", "monitor_phone"."status", "monitor_phone"."total_count", "monitor_phone"."last_updated", "monitor_phone"."active" FROM "monitor_phone"; args=(); alias=default
DL/1044700193/20.3/0.0/4
UL/1038130001/0.0/20.3/1
/opt/homebrew/Caskroom/miniforge/base/envs/smart/lib/python3.8/site-packages/telegram/ext/conversationhandler.py:287: UserWarning: If 'per_message=False', 'CallbackQueryHandler' will not be tracked for every message.
  warnings.warn(
(0.001) SELECT "monitor_phone"."id", "monitor_phone"."phoneGroup_id", "monitor_phone"."phone_type", "monitor_phone"."phone_no", "monitor_phone"."networkId", "monitor_phone"."avg_downloadBandwidth", "monitor_phone"."avg_uploadBandwidth", "monitor_phone"."status", "monitor_phone"."total_count", "monitor_phone"."last_updated", "monitor_phone"."active" FROM "monitor_phone"; args=(); alias=default
DL/1044700193/20.3/0.0/4
UL/1038130001/0.0/20.3/1
/opt/homebrew/Caskroom/miniforge/base/envs/smart/lib/python3.8/site-packages/telegram/ext/conversationhandler.py:287: UserWarning: If 'per_message=False', 'CallbackQueryHandler' will not be tracked for every message.
  warnings.warn(
(0.001) SELECT "monitor_phone"."id", "monitor_phone"."phoneGroup_id", "monitor_phone"."phone_type", "monitor_phone"."phone_no", "monitor_phone"."networkId", "monitor_phone"."avg_downloadBandwidth", "monitor_phone"."avg_uploadBandwidth", "monitor_phone"."status", "monitor_phone"."total_count", "monitor_phone"."last_updated", "monitor_phone"."active" FROM "monitor_phone"; args=(); alias=default
DL/1044700193/20.3/0.0/4
UL/1038130001/0.0/20.3/1
/opt/homebrew/Caskroom/miniforge/base/envs/smart/lib/python3.8/site-packages/telegram/ext/conversationhandler.py:287: UserWarning: If 'per_message=False', 'CallbackQueryHandler' will not be tracked for every message.
  warnings.warn(
(0.000) SELECT "monitor_phone"."id", "monitor_phone"."phoneGroup_id", "monitor_phone"."phone_type", "monitor_phone"."phone_no", "monitor_phone"."networkId", "monitor_phone"."avg_downloadBandwidth", "monitor_phone"."avg_uploadBandwidth", "monitor_phone"."status", "monitor_phone"."total_count", "monitor_phone"."last_updated", "monitor_phone"."active" FROM "monitor_phone"; args=(); alias=default
DL/1044700193/20.3/0.0/4
UL/1038130001/0.0/20.3/1
/opt/homebrew/Caskroom/miniforge/base/envs/smart/lib/python3.8/site-packages/telegram/ext/conversationhandler.py:287: UserWarning: If 'per_message=False', 'CallbackQueryHandler' will not be tracked for every message.
  warnings.warn(
(0.001) SELECT "monitor_phone"."id", "monitor_phone"."phoneGroup_id", "monitor_phone"."phone_type", "monitor_phone"."phone_no", "monitor_phone"."networkId", "monitor_phone"."avg_downloadBandwidth", "monitor_phone"."avg_uploadBandwidth", "monitor_phone"."status", "monitor_phone"."total_count", "monitor_phone"."last_updated", "monitor_phone"."active" FROM "monitor_phone"; args=(); alias=default
DL/1044700193/20.3/0.0/4
UL/1038130001/0.0/20.3/1
/opt/homebrew/Caskroom/miniforge/base/envs/smart/lib/python3.8/site-packages/telegram/ext/conversationhandler.py:287: UserWarning: If 'per_message=False', 'CallbackQueryHandler' will not be tracked for every message.
  warnings.warn(
(0.001) SELECT "monitor_phone"."id", "monitor_phone"."phoneGroup_id", "monitor_phone"."phone_type", "monitor_phone"."phone_no", "monitor_phone"."networkId", "monitor_phone"."avg_downloadBandwidth", "monitor_phone"."avg_uploadBandwidth", "monitor_phone"."status", "monitor_phone"."total_count", "monitor_phone"."last_updated", "monitor_phone"."active" FROM "monitor_phone"; args=(); alias=default
DL/1044700193/20.3/0.0/4
UL/1038130001/0.0/20.3/1
/opt/homebrew/Caskroom/miniforge/base/envs/smart/lib/python3.8/site-packages/telegram/ext/conversationhandler.py:287: UserWarning: If 'per_message=False', 'CallbackQueryHandler' will not be tracked for every message.
  warnings.warn(
(0.001) SELECT "monitor_phone"."id", "monitor_phone"."phoneGroup_id", "monitor_phone"."phone_type", "monitor_phone"."phone_no", "monitor_phone"."networkId", "monitor_phone"."avg_downloadBandwidth", "monitor_phone"."avg_uploadBandwidth", "monitor_phone"."status", "monitor_phone"."total_count", "monitor_phone"."last_updated", "monitor_phone"."active" FROM "monitor_phone"; args=(); alias=default
DL/1044700193/20.3/0.0/4
UL/1038130001/0.0/20.3/1
/opt/homebrew/Caskroom/miniforge/base/envs/smart/lib/python3.8/site-packages/telegram/ext/conversationhandler.py:287: UserWarning: If 'per_message=False', 'CallbackQueryHandler' will not be tracked for every message.
  warnings.warn(
(0.001) SELECT "monitor_phone"."id", "monitor_phone"."phoneGroup_id", "monitor_phone"."phone_type", "monitor_phone"."phone_no", "monitor_phone"."networkId", "monitor_phone"."avg_downloadBandwidth", "monitor_phone"."avg_uploadBandwidth", "monitor_phone"."status", "monitor_phone"."total_count", "monitor_phone"."last_updated", "monitor_phone"."active" FROM "monitor_phone"; args=(); alias=default
DL/1044700193/20.3/0.0/4
UL/1038130001/0.0/20.3/1
/opt/homebrew/Caskroom/miniforge/base/envs/smart/lib/python3.8/site-packages/telegram/ext/conversationhandler.py:287: UserWarning: If 'per_message=False', 'CallbackQueryHandler' will not be tracked for every message.
  warnings.warn(
(0.001) SELECT "monitor_phone"."id", "monitor_phone"."phoneGroup_id", "monitor_phone"."phone_type", "monitor_phone"."phone_no", "monitor_phone"."networkId", "monitor_phone"."avg_downloadBandwidth", "monitor_phone"."avg_uploadBandwidth", "monitor_phone"."status", "monitor_phone"."total_count", "monitor_phone"."last_updated", "monitor_phone"."active" FROM "monitor_phone"; args=(); alias=default
DL/1044700193/20.3/0.0/4
UL/1038130001/0.0/20.3/1
/opt/homebrew/Caskroom/miniforge/base/envs/smart/lib/python3.8/site-packages/telegram/ext/conversationhandler.py:287: UserWarning: If 'per_message=False', 'CallbackQueryHandler' will not be tracked for every message.
  warnings.warn(
(0.001) SELECT "monitor_phone"."id", "monitor_phone"."phoneGroup_id", "monitor_phone"."phone_type", "monitor_phone"."phone_no", "monitor_phone"."networkId", "monitor_phone"."avg_downloadBandwidth", "monitor_phone"."avg_uploadBandwidth", "monitor_phone"."status", "monitor_phone"."total_count", "monitor_phone"."last_updated", "monitor_phone"."active" FROM "monitor_phone"; args=(); alias=default
DL/1044700193/20.3/0.0/4
UL/1038130001/0.0/20.3/1
/opt/homebrew/Caskroom/miniforge/base/envs/smart/lib/python3.8/site-packages/telegram/ext/conversationhandler.py:287: UserWarning: If 'per_message=False', 'CallbackQueryHandler' will not be tracked for every message.
  warnings.warn(
(0.001) SELECT "monitor_phone"."id", "monitor_phone"."phoneGroup_id", "monitor_phone"."phone_type", "monitor_phone"."phone_no", "monitor_phone"."networkId", "monitor_phone"."avg_downloadBandwidth", "monitor_phone"."avg_uploadBandwidth", "monitor_phone"."status", "monitor_phone"."total_count", "monitor_phone"."last_updated", "monitor_phone"."active" FROM "monitor_phone"; args=(); alias=default
DL/1044700193/20.3/0.0/4
UL/1038130001/0.0/20.3/1
/opt/homebrew/Caskroom/miniforge/base/envs/smart/lib/python3.8/site-packages/telegram/ext/conversationhandler.py:287: UserWarning: If 'per_message=False', 'CallbackQueryHandler' will not be tracked for every message.
  warnings.warn(
(0.001) SELECT "monitor_phone"."id", "monitor_phone"."phoneGroup_id", "monitor_phone"."phone_type", "monitor_phone"."phone_no", "monitor_phone"."networkId", "monitor_phone"."avg_downloadBandwidth", "monitor_phone"."avg_uploadBandwidth", "monitor_phone"."status", "monitor_phone"."total_count", "monitor_phone"."last_updated", "monitor_phone"."active" FROM "monitor_phone"; args=(); alias=default
DL/1044700193/20.3/0.0/4
UL/1038130001/0.0/20.3/1
/opt/homebrew/Caskroom/miniforge/base/envs/smart/lib/python3.8/site-packages/telegram/ext/conversationhandler.py:287: UserWarning: If 'per_message=False', 'CallbackQueryHandler' will not be tracked for every message.
  warnings.warn(
(0.001) SELECT "monitor_phone"."id", "monitor_phone"."phoneGroup_id", "monitor_phone"."phone_type", "monitor_phone"."phone_no", "monitor_phone"."networkId", "monitor_phone"."avg_downloadBandwidth", "monitor_phone"."avg_uploadBandwidth", "monitor_phone"."status", "monitor_phone"."total_count", "monitor_phone"."last_updated", "monitor_phone"."active" FROM "monitor_phone"; args=(); alias=default
DL/1044700193/20.3/0.0/4
UL/1038130001/0.0/20.3/1
/opt/homebrew/Caskroom/miniforge/base/envs/smart/lib/python3.8/site-packages/telegram/ext/conversationhandler.py:287: UserWarning: If 'per_message=False', 'CallbackQueryHandler' will not be tracked for every message.
  warnings.warn(
(0.001) SELECT "monitor_phone"."id", "monitor_phone"."phoneGroup_id", "monitor_phone"."phone_type", "monitor_phone"."phone_no", "monitor_phone"."networkId", "monitor_phone"."avg_downloadBandwidth", "monitor_phone"."avg_uploadBandwidth", "monitor_phone"."status", "monitor_phone"."total_count", "monitor_phone"."last_updated", "monitor_phone"."active" FROM "monitor_phone"; args=(); alias=default
DL/1044700193/20.3/0.0/4
UL/1038130001/0.0/20.3/1
/opt/homebrew/Caskroom/miniforge/base/envs/smart/lib/python3.8/site-packages/telegram/ext/conversationhandler.py:287: UserWarning: If 'per_message=False', 'CallbackQueryHandler' will not be tracked for every message.
  warnings.warn(
(0.000) SELECT "monitor_phone"."id", "monitor_phone"."phoneGroup_id", "monitor_phone"."phone_type", "monitor_phone"."phone_no", "monitor_phone"."networkId", "monitor_phone"."avg_downloadBandwidth", "monitor_phone"."avg_uploadBandwidth", "monitor_phone"."status", "monitor_phone"."total_count", "monitor_phone"."last_updated", "monitor_phone"."active" FROM "monitor_phone"; args=(); alias=default
DL/1044700193/20.3/0.0/4
UL/1038130001/0.0/20.3/1
/opt/homebrew/Caskroom/miniforge/base/envs/smart/lib/python3.8/site-packages/telegram/ext/conversationhandler.py:287: UserWarning: If 'per_message=False', 'CallbackQueryHandler' will not be tracked for every message.
  warnings.warn(
(0.001) SELECT "monitor_phone"."id", "monitor_phone"."phoneGroup_id", "monitor_phone"."phone_type", "monitor_phone"."phone_no", "monitor_phone"."networkId", "monitor_phone"."avg_downloadBandwidth", "monitor_phone"."avg_uploadBandwidth", "monitor_phone"."status", "monitor_phone"."total_count", "monitor_phone"."last_updated", "monitor_phone"."active" FROM "monitor_phone"; args=(); alias=default
DL/1044700193/20.3/0.0/4
UL/1038130001/0.0/20.3/1
/opt/homebrew/Caskroom/miniforge/base/envs/smart/lib/python3.8/site-packages/telegram/ext/conversationhandler.py:287: UserWarning: If 'per_message=False', 'CallbackQueryHandler' will not be tracked for every message.
  warnings.warn(
(0.001) SELECT "monitor_phone"."id", "monitor_phone"."phoneGroup_id", "monitor_phone"."phone_type", "monitor_phone"."phone_no", "monitor_phone"."networkId", "monitor_phone"."avg_downloadBandwidth", "monitor_phone"."avg_uploadBandwidth", "monitor_phone"."status", "monitor_phone"."total_count", "monitor_phone"."last_updated", "monitor_phone"."active" FROM "monitor_phone"; args=(); alias=default
DL/1044700193/20.3/0.0/4
UL/1038130001/0.0/20.3/1
/opt/homebrew/Caskroom/miniforge/base/envs/smart/lib/python3.8/site-packages/telegram/ext/conversationhandler.py:287: UserWarning: If 'per_message=False', 'CallbackQueryHandler' will not be tracked for every message.
  warnings.warn(
(0.001) SELECT "monitor_phone"."id", "monitor_phone"."phoneGroup_id", "monitor_phone"."phone_type", "monitor_phone"."phone_no", "monitor_phone"."networkId", "monitor_phone"."avg_downloadBandwidth", "monitor_phone"."avg_uploadBandwidth", "monitor_phone"."status", "monitor_phone"."total_count", "monitor_phone"."last_updated", "monitor_phone"."active" FROM "monitor_phone"; args=(); alias=default
DL/1044700193/20.3/0.0/4
UL/1038130001/0.0/20.3/1
/opt/homebrew/Caskroom/miniforge/base/envs/smart/lib/python3.8/site-packages/telegram/ext/conversationhandler.py:287: UserWarning: If 'per_message=False', 'CallbackQueryHandler' will not be tracked for every message.
  warnings.warn(
(0.001) SELECT "monitor_phone"."id", "monitor_phone"."phoneGroup_id", "monitor_phone"."phone_type", "monitor_phone"."phone_no", "monitor_phone"."networkId", "monitor_phone"."avg_downloadBandwidth", "monitor_phone"."avg_uploadBandwidth", "monitor_phone"."status", "monitor_phone"."total_count", "monitor_phone"."last_updated", "monitor_phone"."active" FROM "monitor_phone"; args=(); alias=default
DL/1044700193/20.3/0.0/4
UL/1038130001/0.0/20.3/1
/opt/homebrew/Caskroom/miniforge/base/envs/smart/lib/python3.8/site-packages/telegram/ext/conversationhandler.py:287: UserWarning: If 'per_message=False', 'CallbackQueryHandler' will not be tracked for every message.
  warnings.warn(
(0.001) SELECT "monitor_phone"."id", "monitor_phone"."phoneGroup_id", "monitor_phone"."phone_type", "monitor_phone"."phone_no", "monitor_phone"."networkId", "monitor_phone"."avg_downloadBandwidth", "monitor_phone"."avg_uploadBandwidth", "monitor_phone"."status", "monitor_phone"."total_count", "monitor_phone"."last_updated", "monitor_phone"."active" FROM "monitor_phone"; args=(); alias=default
DL/1044700193/20.3/0.0/4
UL/1038130001/0.0/20.3/1
/opt/homebrew/Caskroom/miniforge/base/envs/smart/lib/python3.8/site-packages/telegram/ext/conversationhandler.py:287: UserWarning: If 'per_message=False', 'CallbackQueryHandler' will not be tracked for every message.
  warnings.warn(
(0.001) SELECT "monitor_phone"."id", "monitor_phone"."phoneGroup_id", "monitor_phone"."phone_type", "monitor_phone"."phone_no", "monitor_phone"."networkId", "monitor_phone"."avg_downloadBandwidth", "monitor_phone"."avg_uploadBandwidth", "monitor_phone"."status", "monitor_phone"."total_count", "monitor_phone"."last_updated", "monitor_phone"."active" FROM "monitor_phone"; args=(); alias=default
DL/1044700193/20.3/0.0/4
UL/1038130001/0.0/20.3/1
/opt/homebrew/Caskroom/miniforge/base/envs/smart/lib/python3.8/site-packages/telegram/ext/conversationhandler.py:287: UserWarning: If 'per_message=False', 'CallbackQueryHandler' will not be tracked for every message.
  warnings.warn(
(0.001) SELECT "monitor_phone"."id", "monitor_phone"."phoneGroup_id", "monitor_phone"."phone_type", "monitor_phone"."phone_no", "monitor_phone"."networkId", "monitor_phone"."avg_downloadBandwidth", "monitor_phone"."avg_uploadBandwidth", "monitor_phone"."status", "monitor_phone"."total_count", "monitor_phone"."last_updated", "monitor_phone"."active" FROM "monitor_phone"; args=(); alias=default
DL/1044700193/20.3/0.0/4
UL/1038130001/0.0/20.3/1
/opt/homebrew/Caskroom/miniforge/base/envs/smart/lib/python3.8/site-packages/telegram/ext/conversationhandler.py:287: UserWarning: If 'per_message=False', 'CallbackQueryHandler' will not be tracked for every message.
  warnings.warn(
(0.001) SELECT "monitor_phone"."id", "monitor_phone"."phoneGroup_id", "monitor_phone"."phone_type", "monitor_phone"."phone_no", "monitor_phone"."networkId", "monitor_phone"."avg_downloadBandwidth", "monitor_phone"."avg_uploadBandwidth", "monitor_phone"."status", "monitor_phone"."total_count", "monitor_phone"."last_updated", "monitor_phone"."active" FROM "monitor_phone"; args=(); alias=default
DL/1044700193/20.3/0.0/4
UL/1038130001/0.0/20.3/1
/opt/homebrew/Caskroom/miniforge/base/envs/smart/lib/python3.8/site-packages/telegram/ext/conversationhandler.py:287: UserWarning: If 'per_message=False', 'CallbackQueryHandler' will not be tracked for every message.
  warnings.warn(
(0.001) SELECT "monitor_phone"."id", "monitor_phone"."phoneGroup_id", "monitor_phone"."phone_type", "monitor_phone"."phone_no", "monitor_phone"."networkId", "monitor_phone"."avg_downloadBandwidth", "monitor_phone"."avg_uploadBandwidth", "monitor_phone"."status", "monitor_phone"."total_count", "monitor_phone"."last_updated", "monitor_phone"."active" FROM "monitor_phone"; args=(); alias=default
DL/1044700193/20.3/0.0/4
UL/1038130001/0.0/20.3/1
/opt/homebrew/Caskroom/miniforge/base/envs/smart/lib/python3.8/site-packages/telegram/ext/conversationhandler.py:287: UserWarning: If 'per_message=False', 'CallbackQueryHandler' will not be tracked for every message.
  warnings.warn(
(0.001) SELECT "monitor_phone"."id", "monitor_phone"."phoneGroup_id", "monitor_phone"."phone_type", "monitor_phone"."phone_no", "monitor_phone"."networkId", "monitor_phone"."avg_downloadBandwidth", "monitor_phone"."avg_uploadBandwidth", "monitor_phone"."status", "monitor_phone"."total_count", "monitor_phone"."last_updated", "monitor_phone"."active" FROM "monitor_phone"; args=(); alias=default
DL/1044700193/20.3/0.0/4
UL/1038130001/0.0/20.3/1
/opt/homebrew/Caskroom/miniforge/base/envs/smart/lib/python3.8/site-packages/telegram/ext/conversationhandler.py:287: UserWarning: If 'per_message=False', 'CallbackQueryHandler' will not be tracked for every message.
  warnings.warn(
(0.001) SELECT "monitor_phone"."id", "monitor_phone"."phoneGroup_id", "monitor_phone"."phone_type", "monitor_phone"."phone_no", "monitor_phone"."networkId", "monitor_phone"."avg_downloadBandwidth", "monitor_phone"."avg_uploadBandwidth", "monitor_phone"."status", "monitor_phone"."total_count", "monitor_phone"."last_updated", "monitor_phone"."active" FROM "monitor_phone"; args=(); alias=default
DL/1044700193/20.3/0.0/4
UL/1038130001/0.0/20.3/1
/opt/homebrew/Caskroom/miniforge/base/envs/smart/lib/python3.8/site-packages/telegram/ext/conversationhandler.py:287: UserWarning: If 'per_message=False', 'CallbackQueryHandler' will not be tracked for every message.
  warnings.warn(
(0.001) SELECT "monitor_phone"."id", "monitor_phone"."phoneGroup_id", "monitor_phone"."phone_type", "monitor_phone"."phone_no", "monitor_phone"."networkId", "monitor_phone"."avg_downloadBandwidth", "monitor_phone"."avg_uploadBandwidth", "monitor_phone"."status", "monitor_phone"."total_count", "monitor_phone"."last_updated", "monitor_phone"."active" FROM "monitor_phone"; args=(); alias=default
DL/1044700193/20.3/0.0/4
UL/1038130001/0.0/20.3/1
/opt/homebrew/Caskroom/miniforge/base/envs/smart/lib/python3.8/site-packages/telegram/ext/conversationhandler.py:287: UserWarning: If 'per_message=False', 'CallbackQueryHandler' will not be tracked for every message.
  warnings.warn(
(0.001) SELECT "monitor_phone"."id", "monitor_phone"."phoneGroup_id", "monitor_phone"."phone_type", "monitor_phone"."phone_no", "monitor_phone"."networkId", "monitor_phone"."avg_downloadBandwidth", "monitor_phone"."avg_uploadBandwidth", "monitor_phone"."status", "monitor_phone"."total_count", "monitor_phone"."last_updated", "monitor_phone"."active" FROM "monitor_phone"; args=(); alias=default
DL/1044700193/20.3/0.0/4
UL/1038130001/0.0/20.3/1
/opt/homebrew/Caskroom/miniforge/base/envs/smart/lib/python3.8/site-packages/telegram/ext/conversationhandler.py:287: UserWarning: If 'per_message=False', 'CallbackQueryHandler' will not be tracked for every message.
  warnings.warn(
(0.001) SELECT "monitor_phone"."id", "monitor_phone"."phoneGroup_id", "monitor_phone"."phone_type", "monitor_phone"."phone_no", "monitor_phone"."networkId", "monitor_phone"."avg_downloadBandwidth", "monitor_phone"."avg_uploadBandwidth", "monitor_phone"."status", "monitor_phone"."total_count", "monitor_phone"."last_updated", "monitor_phone"."active" FROM "monitor_phone"; args=(); alias=default
DL/1044700193/20.3/0.0/4
UL/1038130001/0.0/20.3/1
/opt/homebrew/Caskroom/miniforge/base/envs/smart/lib/python3.8/site-packages/telegram/ext/conversationhandler.py:287: UserWarning: If 'per_message=False', 'CallbackQueryHandler' will not be tracked for every message.
  warnings.warn(
(0.001) SELECT "monitor_phone"."id", "monitor_phone"."phoneGroup_id", "monitor_phone"."phone_type", "monitor_phone"."phone_no", "monitor_phone"."networkId", "monitor_phone"."avg_downloadBandwidth", "monitor_phone"."avg_uploadBandwidth", "monitor_phone"."status", "monitor_phone"."total_count", "monitor_phone"."last_updated", "monitor_phone"."active" FROM "monitor_phone"; args=(); alias=default
DL/1044700193/20.3/0.0/4
UL/1038130001/0.0/20.3/1
/opt/homebrew/Caskroom/miniforge/base/envs/smart/lib/python3.8/site-packages/telegram/ext/conversationhandler.py:287: UserWarning: If 'per_message=False', 'CallbackQueryHandler' will not be tracked for every message.
  warnings.warn(
(0.001) SELECT "monitor_phone"."id", "monitor_phone"."phoneGroup_id", "monitor_phone"."phone_type", "monitor_phone"."phone_no", "monitor_phone"."networkId", "monitor_phone"."avg_downloadBandwidth", "monitor_phone"."avg_uploadBandwidth", "monitor_phone"."status", "monitor_phone"."total_count", "monitor_phone"."last_updated", "monitor_phone"."active" FROM "monitor_phone"; args=(); alias=default
DL/1044700193/20.3/0.0/4
UL/1038130001/0.0/20.3/1
